Internal Server Error: /
Traceback (most recent call last):
  File "C:\Users\badli\OneDrive\Desktop\sistem_inteligent_de_gestionare_a_evenimentelor\env\Lib\site-packages\django\core\handlers\exception.py", line 55, in inner
    response = get_response(request)
               ^^^^^^^^^^^^^^^^^^^^^
  File "C:\Users\badli\OneDrive\Desktop\sistem_inteligent_de_gestionare_a_evenimentelor\env\Lib\site-packages\django\core\handlers\base.py", line 197, in _get_response
    response = wrapped_callback(request, *callback_args, **callback_kwargs)
               ^^^^^^^^^^^^^^^^^^^^^^^^^^^^^^^^^^^^^^^^^^^^^^^^^^^^^^^^^^^^
  File "C:\Users\badli\OneDrive\Desktop\sistem_inteligent_de_gestionare_a_evenimentelor\base\views.py", line 132, in home
    return render(request, 'base/home.html', context)
           ^^^^^^^^^^^^^^^^^^^^^^^^^^^^^^^^^^^^^^^^^^
  File "C:\Users\badli\OneDrive\Desktop\sistem_inteligent_de_gestionare_a_evenimentelor\env\Lib\site-packages\django\shortcuts.py", line 25, in render
    content = loader.render_to_string(template_name, context, request, using=using)
              ^^^^^^^^^^^^^^^^^^^^^^^^^^^^^^^^^^^^^^^^^^^^^^^^^^^^^^^^^^^^^^^^^^^^^
  File "C:\Users\badli\OneDrive\Desktop\sistem_inteligent_de_gestionare_a_evenimentelor\env\Lib\site-packages\django\template\loader.py", line 62, in render_to_string
    return template.render(context, request)
           ^^^^^^^^^^^^^^^^^^^^^^^^^^^^^^^^^
  File "C:\Users\badli\OneDrive\Desktop\sistem_inteligent_de_gestionare_a_evenimentelor\env\Lib\site-packages\django\template\backends\django.py", line 107, in render
    return self.template.render(context)
           ^^^^^^^^^^^^^^^^^^^^^^^^^^^^^
  File "C:\Users\badli\OneDrive\Desktop\sistem_inteligent_de_gestionare_a_evenimentelor\env\Lib\site-packages\django\template\base.py", line 171, in render
    return self._render(context)
           ^^^^^^^^^^^^^^^^^^^^^
  File "C:\Users\badli\OneDrive\Desktop\sistem_inteligent_de_gestionare_a_evenimentelor\env\Lib\site-packages\django\template\base.py", line 163, in _render
    return self.nodelist.render(context)
           ^^^^^^^^^^^^^^^^^^^^^^^^^^^^^
  File "C:\Users\badli\OneDrive\Desktop\sistem_inteligent_de_gestionare_a_evenimentelor\env\Lib\site-packages\django\template\base.py", line 1008, in render
    return SafeString("".join([node.render_annotated(context) for node in self]))
                               ^^^^^^^^^^^^^^^^^^^^^^^^^^^^^^
  File "C:\Users\badli\OneDrive\Desktop\sistem_inteligent_de_gestionare_a_evenimentelor\env\Lib\site-packages\django\template\base.py", line 969, in render_annotated
    return self.render(context)
           ^^^^^^^^^^^^^^^^^^^^
  File "C:\Users\badli\OneDrive\Desktop\sistem_inteligent_de_gestionare_a_evenimentelor\env\Lib\site-packages\django\template\loader_tags.py", line 134, in render
    compiled_parent = self.get_parent(context)
                      ^^^^^^^^^^^^^^^^^^^^^^^^
  File "C:\Users\badli\OneDrive\Desktop\sistem_inteligent_de_gestionare_a_evenimentelor\env\Lib\site-packages\django\template\loader_tags.py", line 131, in get_parent
    return self.find_template(parent, context)
           ^^^^^^^^^^^^^^^^^^^^^^^^^^^^^^^^^^^
  File "C:\Users\badli\OneDrive\Desktop\sistem_inteligent_de_gestionare_a_evenimentelor\env\Lib\site-packages\django\template\loader_tags.py", line 109, in find_template
    template, origin = context.template.engine.find_template(
                       ^^^^^^^^^^^^^^^^^^^^^^^^^^^^^^^^^^^^^^
  File "C:\Users\badli\OneDrive\Desktop\sistem_inteligent_de_gestionare_a_evenimentelor\env\Lib\site-packages\django\template\engine.py", line 159, in find_template
    template = loader.get_template(name, skip=skip)
               ^^^^^^^^^^^^^^^^^^^^^^^^^^^^^^^^^^^^
  File "C:\Users\badli\OneDrive\Desktop\sistem_inteligent_de_gestionare_a_evenimentelor\env\Lib\site-packages\django\template\loaders\cached.py", line 57, in get_template
    template = super().get_template(template_name, skip)
               ^^^^^^^^^^^^^^^^^^^^^^^^^^^^^^^^^^^^^^^^^
  File "C:\Users\badli\OneDrive\Desktop\sistem_inteligent_de_gestionare_a_evenimentelor\env\Lib\site-packages\django\template\loaders\base.py", line 28, in get_template
    return Template(
           ^^^^^^^^^
  File "C:\Users\badli\OneDrive\Desktop\sistem_inteligent_de_gestionare_a_evenimentelor\env\Lib\site-packages\django\template\base.py", line 154, in __init__
    self.nodelist = self.compile_nodelist()
                    ^^^^^^^^^^^^^^^^^^^^^^^
  File "C:\Users\badli\OneDrive\Desktop\sistem_inteligent_de_gestionare_a_evenimentelor\env\Lib\site-packages\django\template\base.py", line 196, in compile_nodelist
    nodelist = parser.parse()
               ^^^^^^^^^^^^^^
  File "C:\Users\badli\OneDrive\Desktop\sistem_inteligent_de_gestionare_a_evenimentelor\env\Lib\site-packages\django\template\base.py", line 518, in parse
    raise self.error(token, e)
  File "C:\Users\badli\OneDrive\Desktop\sistem_inteligent_de_gestionare_a_evenimentelor\env\Lib\site-packages\django\template\base.py", line 516, in parse
    compiled_result = compile_func(self, token)
                      ^^^^^^^^^^^^^^^^^^^^^^^^^
  File "C:\Users\badli\OneDrive\Desktop\sistem_inteligent_de_gestionare_a_evenimentelor\env\Lib\site-packages\django\template\loader_tags.py", line 234, in do_block
    nodelist = parser.parse(("endblock",))
               ^^^^^^^^^^^^^^^^^^^^^^^^^^^
  File "C:\Users\badli\OneDrive\Desktop\sistem_inteligent_de_gestionare_a_evenimentelor\env\Lib\site-packages\django\template\base.py", line 523, in parse
    self.unclosed_block_tag(parse_until)
  File "C:\Users\badli\OneDrive\Desktop\sistem_inteligent_de_gestionare_a_evenimentelor\env\Lib\site-packages\django\template\base.py", line 586, in unclosed_block_tag
    raise self.error(token, msg)
django.template.exceptions.TemplateSyntaxError: Unclosed tag on line 22: 'block'. Looking for one of: endblock.
"GET / HTTP/1.1" 500 180919
Internal Server Error: /
Traceback (most recent call last):
  File "C:\Users\badli\OneDrive\Desktop\sistem_inteligent_de_gestionare_a_evenimentelor\env\Lib\site-packages\django\core\handlers\exception.py", line 55, in inner
    response = get_response(request)
               ^^^^^^^^^^^^^^^^^^^^^
  File "C:\Users\badli\OneDrive\Desktop\sistem_inteligent_de_gestionare_a_evenimentelor\env\Lib\site-packages\django\core\handlers\base.py", line 197, in _get_response
    response = wrapped_callback(request, *callback_args, **callback_kwargs)
               ^^^^^^^^^^^^^^^^^^^^^^^^^^^^^^^^^^^^^^^^^^^^^^^^^^^^^^^^^^^^
  File "C:\Users\badli\OneDrive\Desktop\sistem_inteligent_de_gestionare_a_evenimentelor\base\views.py", line 132, in home
    return render(request, 'base/home.html', context)
           ^^^^^^^^^^^^^^^^^^^^^^^^^^^^^^^^^^^^^^^^^^
  File "C:\Users\badli\OneDrive\Desktop\sistem_inteligent_de_gestionare_a_evenimentelor\env\Lib\site-packages\django\shortcuts.py", line 25, in render
    content = loader.render_to_string(template_name, context, request, using=using)
              ^^^^^^^^^^^^^^^^^^^^^^^^^^^^^^^^^^^^^^^^^^^^^^^^^^^^^^^^^^^^^^^^^^^^^
  File "C:\Users\badli\OneDrive\Desktop\sistem_inteligent_de_gestionare_a_evenimentelor\env\Lib\site-packages\django\template\loader.py", line 62, in render_to_string
    return template.render(context, request)
           ^^^^^^^^^^^^^^^^^^^^^^^^^^^^^^^^^
  File "C:\Users\badli\OneDrive\Desktop\sistem_inteligent_de_gestionare_a_evenimentelor\env\Lib\site-packages\django\template\backends\django.py", line 107, in render
    return self.template.render(context)
           ^^^^^^^^^^^^^^^^^^^^^^^^^^^^^
  File "C:\Users\badli\OneDrive\Desktop\sistem_inteligent_de_gestionare_a_evenimentelor\env\Lib\site-packages\django\template\base.py", line 171, in render
    return self._render(context)
           ^^^^^^^^^^^^^^^^^^^^^
  File "C:\Users\badli\OneDrive\Desktop\sistem_inteligent_de_gestionare_a_evenimentelor\env\Lib\site-packages\django\template\base.py", line 163, in _render
    return self.nodelist.render(context)
           ^^^^^^^^^^^^^^^^^^^^^^^^^^^^^
  File "C:\Users\badli\OneDrive\Desktop\sistem_inteligent_de_gestionare_a_evenimentelor\env\Lib\site-packages\django\template\base.py", line 1008, in render
    return SafeString("".join([node.render_annotated(context) for node in self]))
                               ^^^^^^^^^^^^^^^^^^^^^^^^^^^^^^
  File "C:\Users\badli\OneDrive\Desktop\sistem_inteligent_de_gestionare_a_evenimentelor\env\Lib\site-packages\django\template\base.py", line 969, in render_annotated
    return self.render(context)
           ^^^^^^^^^^^^^^^^^^^^
  File "C:\Users\badli\OneDrive\Desktop\sistem_inteligent_de_gestionare_a_evenimentelor\env\Lib\site-packages\django\template\loader_tags.py", line 134, in render
    compiled_parent = self.get_parent(context)
                      ^^^^^^^^^^^^^^^^^^^^^^^^
  File "C:\Users\badli\OneDrive\Desktop\sistem_inteligent_de_gestionare_a_evenimentelor\env\Lib\site-packages\django\template\loader_tags.py", line 131, in get_parent
    return self.find_template(parent, context)
           ^^^^^^^^^^^^^^^^^^^^^^^^^^^^^^^^^^^
  File "C:\Users\badli\OneDrive\Desktop\sistem_inteligent_de_gestionare_a_evenimentelor\env\Lib\site-packages\django\template\loader_tags.py", line 109, in find_template
    template, origin = context.template.engine.find_template(
                       ^^^^^^^^^^^^^^^^^^^^^^^^^^^^^^^^^^^^^^
  File "C:\Users\badli\OneDrive\Desktop\sistem_inteligent_de_gestionare_a_evenimentelor\env\Lib\site-packages\django\template\engine.py", line 159, in find_template
    template = loader.get_template(name, skip=skip)
               ^^^^^^^^^^^^^^^^^^^^^^^^^^^^^^^^^^^^
  File "C:\Users\badli\OneDrive\Desktop\sistem_inteligent_de_gestionare_a_evenimentelor\env\Lib\site-packages\django\template\loaders\cached.py", line 57, in get_template
    template = super().get_template(template_name, skip)
               ^^^^^^^^^^^^^^^^^^^^^^^^^^^^^^^^^^^^^^^^^
  File "C:\Users\badli\OneDrive\Desktop\sistem_inteligent_de_gestionare_a_evenimentelor\env\Lib\site-packages\django\template\loaders\base.py", line 28, in get_template
    return Template(
           ^^^^^^^^^
  File "C:\Users\badli\OneDrive\Desktop\sistem_inteligent_de_gestionare_a_evenimentelor\env\Lib\site-packages\django\template\base.py", line 154, in __init__
    self.nodelist = self.compile_nodelist()
                    ^^^^^^^^^^^^^^^^^^^^^^^
  File "C:\Users\badli\OneDrive\Desktop\sistem_inteligent_de_gestionare_a_evenimentelor\env\Lib\site-packages\django\template\base.py", line 196, in compile_nodelist
    nodelist = parser.parse()
               ^^^^^^^^^^^^^^
  File "C:\Users\badli\OneDrive\Desktop\sistem_inteligent_de_gestionare_a_evenimentelor\env\Lib\site-packages\django\template\base.py", line 518, in parse
    raise self.error(token, e)
  File "C:\Users\badli\OneDrive\Desktop\sistem_inteligent_de_gestionare_a_evenimentelor\env\Lib\site-packages\django\template\base.py", line 516, in parse
    compiled_result = compile_func(self, token)
                      ^^^^^^^^^^^^^^^^^^^^^^^^^
  File "C:\Users\badli\OneDrive\Desktop\sistem_inteligent_de_gestionare_a_evenimentelor\env\Lib\site-packages\django\template\loader_tags.py", line 234, in do_block
    nodelist = parser.parse(("endblock",))
               ^^^^^^^^^^^^^^^^^^^^^^^^^^^
  File "C:\Users\badli\OneDrive\Desktop\sistem_inteligent_de_gestionare_a_evenimentelor\env\Lib\site-packages\django\template\base.py", line 523, in parse
    self.unclosed_block_tag(parse_until)
  File "C:\Users\badli\OneDrive\Desktop\sistem_inteligent_de_gestionare_a_evenimentelor\env\Lib\site-packages\django\template\base.py", line 586, in unclosed_block_tag
    raise self.error(token, msg)
django.template.exceptions.TemplateSyntaxError: Unclosed tag on line 22: 'block'. Looking for one of: endblock.
"GET / HTTP/1.1" 500 180919
Internal Server Error: /
Traceback (most recent call last):
  File "C:\Users\badli\OneDrive\Desktop\sistem_inteligent_de_gestionare_a_evenimentelor\env\Lib\site-packages\django\core\handlers\exception.py", line 55, in inner
    response = get_response(request)
               ^^^^^^^^^^^^^^^^^^^^^
  File "C:\Users\badli\OneDrive\Desktop\sistem_inteligent_de_gestionare_a_evenimentelor\env\Lib\site-packages\django\core\handlers\base.py", line 197, in _get_response
    response = wrapped_callback(request, *callback_args, **callback_kwargs)
               ^^^^^^^^^^^^^^^^^^^^^^^^^^^^^^^^^^^^^^^^^^^^^^^^^^^^^^^^^^^^
  File "C:\Users\badli\OneDrive\Desktop\sistem_inteligent_de_gestionare_a_evenimentelor\base\views.py", line 132, in home
    return render(request, 'base/home.html', context)
           ^^^^^^^^^^^^^^^^^^^^^^^^^^^^^^^^^^^^^^^^^^
  File "C:\Users\badli\OneDrive\Desktop\sistem_inteligent_de_gestionare_a_evenimentelor\env\Lib\site-packages\django\shortcuts.py", line 25, in render
    content = loader.render_to_string(template_name, context, request, using=using)
              ^^^^^^^^^^^^^^^^^^^^^^^^^^^^^^^^^^^^^^^^^^^^^^^^^^^^^^^^^^^^^^^^^^^^^
  File "C:\Users\badli\OneDrive\Desktop\sistem_inteligent_de_gestionare_a_evenimentelor\env\Lib\site-packages\django\template\loader.py", line 62, in render_to_string
    return template.render(context, request)
           ^^^^^^^^^^^^^^^^^^^^^^^^^^^^^^^^^
  File "C:\Users\badli\OneDrive\Desktop\sistem_inteligent_de_gestionare_a_evenimentelor\env\Lib\site-packages\django\template\backends\django.py", line 107, in render
    return self.template.render(context)
           ^^^^^^^^^^^^^^^^^^^^^^^^^^^^^
  File "C:\Users\badli\OneDrive\Desktop\sistem_inteligent_de_gestionare_a_evenimentelor\env\Lib\site-packages\django\template\base.py", line 171, in render
    return self._render(context)
           ^^^^^^^^^^^^^^^^^^^^^
  File "C:\Users\badli\OneDrive\Desktop\sistem_inteligent_de_gestionare_a_evenimentelor\env\Lib\site-packages\django\template\base.py", line 163, in _render
    return self.nodelist.render(context)
           ^^^^^^^^^^^^^^^^^^^^^^^^^^^^^
  File "C:\Users\badli\OneDrive\Desktop\sistem_inteligent_de_gestionare_a_evenimentelor\env\Lib\site-packages\django\template\base.py", line 1008, in render
    return SafeString("".join([node.render_annotated(context) for node in self]))
                               ^^^^^^^^^^^^^^^^^^^^^^^^^^^^^^
  File "C:\Users\badli\OneDrive\Desktop\sistem_inteligent_de_gestionare_a_evenimentelor\env\Lib\site-packages\django\template\base.py", line 969, in render_annotated
    return self.render(context)
           ^^^^^^^^^^^^^^^^^^^^
  File "C:\Users\badli\OneDrive\Desktop\sistem_inteligent_de_gestionare_a_evenimentelor\env\Lib\site-packages\django\template\loader_tags.py", line 134, in render
    compiled_parent = self.get_parent(context)
                      ^^^^^^^^^^^^^^^^^^^^^^^^
  File "C:\Users\badli\OneDrive\Desktop\sistem_inteligent_de_gestionare_a_evenimentelor\env\Lib\site-packages\django\template\loader_tags.py", line 131, in get_parent
    return self.find_template(parent, context)
           ^^^^^^^^^^^^^^^^^^^^^^^^^^^^^^^^^^^
  File "C:\Users\badli\OneDrive\Desktop\sistem_inteligent_de_gestionare_a_evenimentelor\env\Lib\site-packages\django\template\loader_tags.py", line 109, in find_template
    template, origin = context.template.engine.find_template(
                       ^^^^^^^^^^^^^^^^^^^^^^^^^^^^^^^^^^^^^^
  File "C:\Users\badli\OneDrive\Desktop\sistem_inteligent_de_gestionare_a_evenimentelor\env\Lib\site-packages\django\template\engine.py", line 159, in find_template
    template = loader.get_template(name, skip=skip)
               ^^^^^^^^^^^^^^^^^^^^^^^^^^^^^^^^^^^^
  File "C:\Users\badli\OneDrive\Desktop\sistem_inteligent_de_gestionare_a_evenimentelor\env\Lib\site-packages\django\template\loaders\cached.py", line 57, in get_template
    template = super().get_template(template_name, skip)
               ^^^^^^^^^^^^^^^^^^^^^^^^^^^^^^^^^^^^^^^^^
  File "C:\Users\badli\OneDrive\Desktop\sistem_inteligent_de_gestionare_a_evenimentelor\env\Lib\site-packages\django\template\loaders\base.py", line 28, in get_template
    return Template(
           ^^^^^^^^^
  File "C:\Users\badli\OneDrive\Desktop\sistem_inteligent_de_gestionare_a_evenimentelor\env\Lib\site-packages\django\template\base.py", line 154, in __init__
    self.nodelist = self.compile_nodelist()
                    ^^^^^^^^^^^^^^^^^^^^^^^
  File "C:\Users\badli\OneDrive\Desktop\sistem_inteligent_de_gestionare_a_evenimentelor\env\Lib\site-packages\django\template\base.py", line 196, in compile_nodelist
    nodelist = parser.parse()
               ^^^^^^^^^^^^^^
  File "C:\Users\badli\OneDrive\Desktop\sistem_inteligent_de_gestionare_a_evenimentelor\env\Lib\site-packages\django\template\base.py", line 518, in parse
    raise self.error(token, e)
  File "C:\Users\badli\OneDrive\Desktop\sistem_inteligent_de_gestionare_a_evenimentelor\env\Lib\site-packages\django\template\base.py", line 516, in parse
    compiled_result = compile_func(self, token)
                      ^^^^^^^^^^^^^^^^^^^^^^^^^
  File "C:\Users\badli\OneDrive\Desktop\sistem_inteligent_de_gestionare_a_evenimentelor\env\Lib\site-packages\django\template\loader_tags.py", line 234, in do_block
    nodelist = parser.parse(("endblock",))
               ^^^^^^^^^^^^^^^^^^^^^^^^^^^
  File "C:\Users\badli\OneDrive\Desktop\sistem_inteligent_de_gestionare_a_evenimentelor\env\Lib\site-packages\django\template\base.py", line 523, in parse
    self.unclosed_block_tag(parse_until)
  File "C:\Users\badli\OneDrive\Desktop\sistem_inteligent_de_gestionare_a_evenimentelor\env\Lib\site-packages\django\template\base.py", line 586, in unclosed_block_tag
    raise self.error(token, msg)
django.template.exceptions.TemplateSyntaxError: Unclosed tag on line 22: 'block'. Looking for one of: endblock.
"GET / HTTP/1.1" 500 180919
Internal Server Error: /
Traceback (most recent call last):
  File "C:\Users\badli\OneDrive\Desktop\sistem_inteligent_de_gestionare_a_evenimentelor\env\Lib\site-packages\django\core\handlers\exception.py", line 55, in inner
    response = get_response(request)
               ^^^^^^^^^^^^^^^^^^^^^
  File "C:\Users\badli\OneDrive\Desktop\sistem_inteligent_de_gestionare_a_evenimentelor\env\Lib\site-packages\django\core\handlers\base.py", line 197, in _get_response
    response = wrapped_callback(request, *callback_args, **callback_kwargs)
               ^^^^^^^^^^^^^^^^^^^^^^^^^^^^^^^^^^^^^^^^^^^^^^^^^^^^^^^^^^^^
  File "C:\Users\badli\OneDrive\Desktop\sistem_inteligent_de_gestionare_a_evenimentelor\base\views.py", line 132, in home
    return render(request, 'base/home.html', context)
           ^^^^^^^^^^^^^^^^^^^^^^^^^^^^^^^^^^^^^^^^^^
  File "C:\Users\badli\OneDrive\Desktop\sistem_inteligent_de_gestionare_a_evenimentelor\env\Lib\site-packages\django\shortcuts.py", line 25, in render
    content = loader.render_to_string(template_name, context, request, using=using)
              ^^^^^^^^^^^^^^^^^^^^^^^^^^^^^^^^^^^^^^^^^^^^^^^^^^^^^^^^^^^^^^^^^^^^^
  File "C:\Users\badli\OneDrive\Desktop\sistem_inteligent_de_gestionare_a_evenimentelor\env\Lib\site-packages\django\template\loader.py", line 62, in render_to_string
    return template.render(context, request)
           ^^^^^^^^^^^^^^^^^^^^^^^^^^^^^^^^^
  File "C:\Users\badli\OneDrive\Desktop\sistem_inteligent_de_gestionare_a_evenimentelor\env\Lib\site-packages\django\template\backends\django.py", line 107, in render
    return self.template.render(context)
           ^^^^^^^^^^^^^^^^^^^^^^^^^^^^^
  File "C:\Users\badli\OneDrive\Desktop\sistem_inteligent_de_gestionare_a_evenimentelor\env\Lib\site-packages\django\template\base.py", line 171, in render
    return self._render(context)
           ^^^^^^^^^^^^^^^^^^^^^
  File "C:\Users\badli\OneDrive\Desktop\sistem_inteligent_de_gestionare_a_evenimentelor\env\Lib\site-packages\django\template\base.py", line 163, in _render
    return self.nodelist.render(context)
           ^^^^^^^^^^^^^^^^^^^^^^^^^^^^^
  File "C:\Users\badli\OneDrive\Desktop\sistem_inteligent_de_gestionare_a_evenimentelor\env\Lib\site-packages\django\template\base.py", line 1008, in render
    return SafeString("".join([node.render_annotated(context) for node in self]))
                               ^^^^^^^^^^^^^^^^^^^^^^^^^^^^^^
  File "C:\Users\badli\OneDrive\Desktop\sistem_inteligent_de_gestionare_a_evenimentelor\env\Lib\site-packages\django\template\base.py", line 969, in render_annotated
    return self.render(context)
           ^^^^^^^^^^^^^^^^^^^^
  File "C:\Users\badli\OneDrive\Desktop\sistem_inteligent_de_gestionare_a_evenimentelor\env\Lib\site-packages\django\template\loader_tags.py", line 134, in render
    compiled_parent = self.get_parent(context)
                      ^^^^^^^^^^^^^^^^^^^^^^^^
  File "C:\Users\badli\OneDrive\Desktop\sistem_inteligent_de_gestionare_a_evenimentelor\env\Lib\site-packages\django\template\loader_tags.py", line 131, in get_parent
    return self.find_template(parent, context)
           ^^^^^^^^^^^^^^^^^^^^^^^^^^^^^^^^^^^
  File "C:\Users\badli\OneDrive\Desktop\sistem_inteligent_de_gestionare_a_evenimentelor\env\Lib\site-packages\django\template\loader_tags.py", line 109, in find_template
    template, origin = context.template.engine.find_template(
                       ^^^^^^^^^^^^^^^^^^^^^^^^^^^^^^^^^^^^^^
  File "C:\Users\badli\OneDrive\Desktop\sistem_inteligent_de_gestionare_a_evenimentelor\env\Lib\site-packages\django\template\engine.py", line 159, in find_template
    template = loader.get_template(name, skip=skip)
               ^^^^^^^^^^^^^^^^^^^^^^^^^^^^^^^^^^^^
  File "C:\Users\badli\OneDrive\Desktop\sistem_inteligent_de_gestionare_a_evenimentelor\env\Lib\site-packages\django\template\loaders\cached.py", line 57, in get_template
    template = super().get_template(template_name, skip)
               ^^^^^^^^^^^^^^^^^^^^^^^^^^^^^^^^^^^^^^^^^
  File "C:\Users\badli\OneDrive\Desktop\sistem_inteligent_de_gestionare_a_evenimentelor\env\Lib\site-packages\django\template\loaders\base.py", line 28, in get_template
    return Template(
           ^^^^^^^^^
  File "C:\Users\badli\OneDrive\Desktop\sistem_inteligent_de_gestionare_a_evenimentelor\env\Lib\site-packages\django\template\base.py", line 154, in __init__
    self.nodelist = self.compile_nodelist()
                    ^^^^^^^^^^^^^^^^^^^^^^^
  File "C:\Users\badli\OneDrive\Desktop\sistem_inteligent_de_gestionare_a_evenimentelor\env\Lib\site-packages\django\template\base.py", line 196, in compile_nodelist
    nodelist = parser.parse()
               ^^^^^^^^^^^^^^
  File "C:\Users\badli\OneDrive\Desktop\sistem_inteligent_de_gestionare_a_evenimentelor\env\Lib\site-packages\django\template\base.py", line 518, in parse
    raise self.error(token, e)
  File "C:\Users\badli\OneDrive\Desktop\sistem_inteligent_de_gestionare_a_evenimentelor\env\Lib\site-packages\django\template\base.py", line 516, in parse
    compiled_result = compile_func(self, token)
                      ^^^^^^^^^^^^^^^^^^^^^^^^^
  File "C:\Users\badli\OneDrive\Desktop\sistem_inteligent_de_gestionare_a_evenimentelor\env\Lib\site-packages\django\template\loader_tags.py", line 234, in do_block
    nodelist = parser.parse(("endblock",))
               ^^^^^^^^^^^^^^^^^^^^^^^^^^^
  File "C:\Users\badli\OneDrive\Desktop\sistem_inteligent_de_gestionare_a_evenimentelor\env\Lib\site-packages\django\template\base.py", line 523, in parse
    self.unclosed_block_tag(parse_until)
  File "C:\Users\badli\OneDrive\Desktop\sistem_inteligent_de_gestionare_a_evenimentelor\env\Lib\site-packages\django\template\base.py", line 586, in unclosed_block_tag
    raise self.error(token, msg)
django.template.exceptions.TemplateSyntaxError: Unclosed tag on line 20: 'block'. Looking for one of: endblock.
"GET / HTTP/1.1" 500 181871
Internal Server Error: /
Traceback (most recent call last):
  File "C:\Users\badli\OneDrive\Desktop\sistem_inteligent_de_gestionare_a_evenimentelor\env\Lib\site-packages\django\core\handlers\exception.py", line 55, in inner
    response = get_response(request)
               ^^^^^^^^^^^^^^^^^^^^^
  File "C:\Users\badli\OneDrive\Desktop\sistem_inteligent_de_gestionare_a_evenimentelor\env\Lib\site-packages\django\core\handlers\base.py", line 197, in _get_response
    response = wrapped_callback(request, *callback_args, **callback_kwargs)
               ^^^^^^^^^^^^^^^^^^^^^^^^^^^^^^^^^^^^^^^^^^^^^^^^^^^^^^^^^^^^
  File "C:\Users\badli\OneDrive\Desktop\sistem_inteligent_de_gestionare_a_evenimentelor\base\views.py", line 132, in home
    return render(request, 'base/home.html', context)
           ^^^^^^^^^^^^^^^^^^^^^^^^^^^^^^^^^^^^^^^^^^
  File "C:\Users\badli\OneDrive\Desktop\sistem_inteligent_de_gestionare_a_evenimentelor\env\Lib\site-packages\django\shortcuts.py", line 25, in render
    content = loader.render_to_string(template_name, context, request, using=using)
              ^^^^^^^^^^^^^^^^^^^^^^^^^^^^^^^^^^^^^^^^^^^^^^^^^^^^^^^^^^^^^^^^^^^^^
  File "C:\Users\badli\OneDrive\Desktop\sistem_inteligent_de_gestionare_a_evenimentelor\env\Lib\site-packages\django\template\loader.py", line 62, in render_to_string
    return template.render(context, request)
           ^^^^^^^^^^^^^^^^^^^^^^^^^^^^^^^^^
  File "C:\Users\badli\OneDrive\Desktop\sistem_inteligent_de_gestionare_a_evenimentelor\env\Lib\site-packages\django\template\backends\django.py", line 107, in render
    return self.template.render(context)
           ^^^^^^^^^^^^^^^^^^^^^^^^^^^^^
  File "C:\Users\badli\OneDrive\Desktop\sistem_inteligent_de_gestionare_a_evenimentelor\env\Lib\site-packages\django\template\base.py", line 171, in render
    return self._render(context)
           ^^^^^^^^^^^^^^^^^^^^^
  File "C:\Users\badli\OneDrive\Desktop\sistem_inteligent_de_gestionare_a_evenimentelor\env\Lib\site-packages\django\template\base.py", line 163, in _render
    return self.nodelist.render(context)
           ^^^^^^^^^^^^^^^^^^^^^^^^^^^^^
  File "C:\Users\badli\OneDrive\Desktop\sistem_inteligent_de_gestionare_a_evenimentelor\env\Lib\site-packages\django\template\base.py", line 1008, in render
    return SafeString("".join([node.render_annotated(context) for node in self]))
                               ^^^^^^^^^^^^^^^^^^^^^^^^^^^^^^
  File "C:\Users\badli\OneDrive\Desktop\sistem_inteligent_de_gestionare_a_evenimentelor\env\Lib\site-packages\django\template\base.py", line 969, in render_annotated
    return self.render(context)
           ^^^^^^^^^^^^^^^^^^^^
  File "C:\Users\badli\OneDrive\Desktop\sistem_inteligent_de_gestionare_a_evenimentelor\env\Lib\site-packages\django\template\loader_tags.py", line 134, in render
    compiled_parent = self.get_parent(context)
                      ^^^^^^^^^^^^^^^^^^^^^^^^
  File "C:\Users\badli\OneDrive\Desktop\sistem_inteligent_de_gestionare_a_evenimentelor\env\Lib\site-packages\django\template\loader_tags.py", line 131, in get_parent
    return self.find_template(parent, context)
           ^^^^^^^^^^^^^^^^^^^^^^^^^^^^^^^^^^^
  File "C:\Users\badli\OneDrive\Desktop\sistem_inteligent_de_gestionare_a_evenimentelor\env\Lib\site-packages\django\template\loader_tags.py", line 109, in find_template
    template, origin = context.template.engine.find_template(
                       ^^^^^^^^^^^^^^^^^^^^^^^^^^^^^^^^^^^^^^
  File "C:\Users\badli\OneDrive\Desktop\sistem_inteligent_de_gestionare_a_evenimentelor\env\Lib\site-packages\django\template\engine.py", line 159, in find_template
    template = loader.get_template(name, skip=skip)
               ^^^^^^^^^^^^^^^^^^^^^^^^^^^^^^^^^^^^
  File "C:\Users\badli\OneDrive\Desktop\sistem_inteligent_de_gestionare_a_evenimentelor\env\Lib\site-packages\django\template\loaders\cached.py", line 57, in get_template
    template = super().get_template(template_name, skip)
               ^^^^^^^^^^^^^^^^^^^^^^^^^^^^^^^^^^^^^^^^^
  File "C:\Users\badli\OneDrive\Desktop\sistem_inteligent_de_gestionare_a_evenimentelor\env\Lib\site-packages\django\template\loaders\base.py", line 28, in get_template
    return Template(
           ^^^^^^^^^
  File "C:\Users\badli\OneDrive\Desktop\sistem_inteligent_de_gestionare_a_evenimentelor\env\Lib\site-packages\django\template\base.py", line 154, in __init__
    self.nodelist = self.compile_nodelist()
                    ^^^^^^^^^^^^^^^^^^^^^^^
  File "C:\Users\badli\OneDrive\Desktop\sistem_inteligent_de_gestionare_a_evenimentelor\env\Lib\site-packages\django\template\base.py", line 196, in compile_nodelist
    nodelist = parser.parse()
               ^^^^^^^^^^^^^^
  File "C:\Users\badli\OneDrive\Desktop\sistem_inteligent_de_gestionare_a_evenimentelor\env\Lib\site-packages\django\template\base.py", line 518, in parse
    raise self.error(token, e)
  File "C:\Users\badli\OneDrive\Desktop\sistem_inteligent_de_gestionare_a_evenimentelor\env\Lib\site-packages\django\template\base.py", line 516, in parse
    compiled_result = compile_func(self, token)
                      ^^^^^^^^^^^^^^^^^^^^^^^^^
  File "C:\Users\badli\OneDrive\Desktop\sistem_inteligent_de_gestionare_a_evenimentelor\env\Lib\site-packages\django\template\loader_tags.py", line 234, in do_block
    nodelist = parser.parse(("endblock",))
               ^^^^^^^^^^^^^^^^^^^^^^^^^^^
  File "C:\Users\badli\OneDrive\Desktop\sistem_inteligent_de_gestionare_a_evenimentelor\env\Lib\site-packages\django\template\base.py", line 523, in parse
    self.unclosed_block_tag(parse_until)
  File "C:\Users\badli\OneDrive\Desktop\sistem_inteligent_de_gestionare_a_evenimentelor\env\Lib\site-packages\django\template\base.py", line 586, in unclosed_block_tag
    raise self.error(token, msg)
django.template.exceptions.TemplateSyntaxError: Unclosed tag on line 20: 'block'. Looking for one of: endblock.
"GET / HTTP/1.1" 500 181871
Internal Server Error: /
Traceback (most recent call last):
  File "C:\Users\badli\OneDrive\Desktop\sistem_inteligent_de_gestionare_a_evenimentelor\env\Lib\site-packages\django\core\handlers\exception.py", line 55, in inner
    response = get_response(request)
               ^^^^^^^^^^^^^^^^^^^^^
  File "C:\Users\badli\OneDrive\Desktop\sistem_inteligent_de_gestionare_a_evenimentelor\env\Lib\site-packages\django\core\handlers\base.py", line 197, in _get_response
    response = wrapped_callback(request, *callback_args, **callback_kwargs)
               ^^^^^^^^^^^^^^^^^^^^^^^^^^^^^^^^^^^^^^^^^^^^^^^^^^^^^^^^^^^^
  File "C:\Users\badli\OneDrive\Desktop\sistem_inteligent_de_gestionare_a_evenimentelor\base\views.py", line 132, in home
    return render(request, 'base/home.html', context)
           ^^^^^^^^^^^^^^^^^^^^^^^^^^^^^^^^^^^^^^^^^^
  File "C:\Users\badli\OneDrive\Desktop\sistem_inteligent_de_gestionare_a_evenimentelor\env\Lib\site-packages\django\shortcuts.py", line 25, in render
    content = loader.render_to_string(template_name, context, request, using=using)
              ^^^^^^^^^^^^^^^^^^^^^^^^^^^^^^^^^^^^^^^^^^^^^^^^^^^^^^^^^^^^^^^^^^^^^
  File "C:\Users\badli\OneDrive\Desktop\sistem_inteligent_de_gestionare_a_evenimentelor\env\Lib\site-packages\django\template\loader.py", line 62, in render_to_string
    return template.render(context, request)
           ^^^^^^^^^^^^^^^^^^^^^^^^^^^^^^^^^
  File "C:\Users\badli\OneDrive\Desktop\sistem_inteligent_de_gestionare_a_evenimentelor\env\Lib\site-packages\django\template\backends\django.py", line 107, in render
    return self.template.render(context)
           ^^^^^^^^^^^^^^^^^^^^^^^^^^^^^
  File "C:\Users\badli\OneDrive\Desktop\sistem_inteligent_de_gestionare_a_evenimentelor\env\Lib\site-packages\django\template\base.py", line 171, in render
    return self._render(context)
           ^^^^^^^^^^^^^^^^^^^^^
  File "C:\Users\badli\OneDrive\Desktop\sistem_inteligent_de_gestionare_a_evenimentelor\env\Lib\site-packages\django\template\base.py", line 163, in _render
    return self.nodelist.render(context)
           ^^^^^^^^^^^^^^^^^^^^^^^^^^^^^
  File "C:\Users\badli\OneDrive\Desktop\sistem_inteligent_de_gestionare_a_evenimentelor\env\Lib\site-packages\django\template\base.py", line 1008, in render
    return SafeString("".join([node.render_annotated(context) for node in self]))
                               ^^^^^^^^^^^^^^^^^^^^^^^^^^^^^^
  File "C:\Users\badli\OneDrive\Desktop\sistem_inteligent_de_gestionare_a_evenimentelor\env\Lib\site-packages\django\template\base.py", line 969, in render_annotated
    return self.render(context)
           ^^^^^^^^^^^^^^^^^^^^
  File "C:\Users\badli\OneDrive\Desktop\sistem_inteligent_de_gestionare_a_evenimentelor\env\Lib\site-packages\django\template\loader_tags.py", line 134, in render
    compiled_parent = self.get_parent(context)
                      ^^^^^^^^^^^^^^^^^^^^^^^^
  File "C:\Users\badli\OneDrive\Desktop\sistem_inteligent_de_gestionare_a_evenimentelor\env\Lib\site-packages\django\template\loader_tags.py", line 131, in get_parent
    return self.find_template(parent, context)
           ^^^^^^^^^^^^^^^^^^^^^^^^^^^^^^^^^^^
  File "C:\Users\badli\OneDrive\Desktop\sistem_inteligent_de_gestionare_a_evenimentelor\env\Lib\site-packages\django\template\loader_tags.py", line 109, in find_template
    template, origin = context.template.engine.find_template(
                       ^^^^^^^^^^^^^^^^^^^^^^^^^^^^^^^^^^^^^^
  File "C:\Users\badli\OneDrive\Desktop\sistem_inteligent_de_gestionare_a_evenimentelor\env\Lib\site-packages\django\template\engine.py", line 159, in find_template
    template = loader.get_template(name, skip=skip)
               ^^^^^^^^^^^^^^^^^^^^^^^^^^^^^^^^^^^^
  File "C:\Users\badli\OneDrive\Desktop\sistem_inteligent_de_gestionare_a_evenimentelor\env\Lib\site-packages\django\template\loaders\cached.py", line 57, in get_template
    template = super().get_template(template_name, skip)
               ^^^^^^^^^^^^^^^^^^^^^^^^^^^^^^^^^^^^^^^^^
  File "C:\Users\badli\OneDrive\Desktop\sistem_inteligent_de_gestionare_a_evenimentelor\env\Lib\site-packages\django\template\loaders\base.py", line 28, in get_template
    return Template(
           ^^^^^^^^^
  File "C:\Users\badli\OneDrive\Desktop\sistem_inteligent_de_gestionare_a_evenimentelor\env\Lib\site-packages\django\template\base.py", line 154, in __init__
    self.nodelist = self.compile_nodelist()
                    ^^^^^^^^^^^^^^^^^^^^^^^
  File "C:\Users\badli\OneDrive\Desktop\sistem_inteligent_de_gestionare_a_evenimentelor\env\Lib\site-packages\django\template\base.py", line 196, in compile_nodelist
    nodelist = parser.parse()
               ^^^^^^^^^^^^^^
  File "C:\Users\badli\OneDrive\Desktop\sistem_inteligent_de_gestionare_a_evenimentelor\env\Lib\site-packages\django\template\base.py", line 518, in parse
    raise self.error(token, e)
  File "C:\Users\badli\OneDrive\Desktop\sistem_inteligent_de_gestionare_a_evenimentelor\env\Lib\site-packages\django\template\base.py", line 516, in parse
    compiled_result = compile_func(self, token)
                      ^^^^^^^^^^^^^^^^^^^^^^^^^
  File "C:\Users\badli\OneDrive\Desktop\sistem_inteligent_de_gestionare_a_evenimentelor\env\Lib\site-packages\django\template\loader_tags.py", line 234, in do_block
    nodelist = parser.parse(("endblock",))
               ^^^^^^^^^^^^^^^^^^^^^^^^^^^
  File "C:\Users\badli\OneDrive\Desktop\sistem_inteligent_de_gestionare_a_evenimentelor\env\Lib\site-packages\django\template\base.py", line 523, in parse
    self.unclosed_block_tag(parse_until)
  File "C:\Users\badli\OneDrive\Desktop\sistem_inteligent_de_gestionare_a_evenimentelor\env\Lib\site-packages\django\template\base.py", line 586, in unclosed_block_tag
    raise self.error(token, msg)
django.template.exceptions.TemplateSyntaxError: Unclosed tag on line 20: 'block'. Looking for one of: endblock.
"GET / HTTP/1.1" 500 181871
Internal Server Error: /
Traceback (most recent call last):
  File "C:\Users\badli\OneDrive\Desktop\sistem_inteligent_de_gestionare_a_evenimentelor\env\Lib\site-packages\django\core\handlers\exception.py", line 55, in inner
    response = get_response(request)
               ^^^^^^^^^^^^^^^^^^^^^
  File "C:\Users\badli\OneDrive\Desktop\sistem_inteligent_de_gestionare_a_evenimentelor\env\Lib\site-packages\django\core\handlers\base.py", line 197, in _get_response
    response = wrapped_callback(request, *callback_args, **callback_kwargs)
               ^^^^^^^^^^^^^^^^^^^^^^^^^^^^^^^^^^^^^^^^^^^^^^^^^^^^^^^^^^^^
  File "C:\Users\badli\OneDrive\Desktop\sistem_inteligent_de_gestionare_a_evenimentelor\base\views.py", line 132, in home
    return render(request, 'base/home.html', context)
           ^^^^^^^^^^^^^^^^^^^^^^^^^^^^^^^^^^^^^^^^^^
  File "C:\Users\badli\OneDrive\Desktop\sistem_inteligent_de_gestionare_a_evenimentelor\env\Lib\site-packages\django\shortcuts.py", line 25, in render
    content = loader.render_to_string(template_name, context, request, using=using)
              ^^^^^^^^^^^^^^^^^^^^^^^^^^^^^^^^^^^^^^^^^^^^^^^^^^^^^^^^^^^^^^^^^^^^^
  File "C:\Users\badli\OneDrive\Desktop\sistem_inteligent_de_gestionare_a_evenimentelor\env\Lib\site-packages\django\template\loader.py", line 62, in render_to_string
    return template.render(context, request)
           ^^^^^^^^^^^^^^^^^^^^^^^^^^^^^^^^^
  File "C:\Users\badli\OneDrive\Desktop\sistem_inteligent_de_gestionare_a_evenimentelor\env\Lib\site-packages\django\template\backends\django.py", line 107, in render
    return self.template.render(context)
           ^^^^^^^^^^^^^^^^^^^^^^^^^^^^^
  File "C:\Users\badli\OneDrive\Desktop\sistem_inteligent_de_gestionare_a_evenimentelor\env\Lib\site-packages\django\template\base.py", line 171, in render
    return self._render(context)
           ^^^^^^^^^^^^^^^^^^^^^
  File "C:\Users\badli\OneDrive\Desktop\sistem_inteligent_de_gestionare_a_evenimentelor\env\Lib\site-packages\django\template\base.py", line 163, in _render
    return self.nodelist.render(context)
           ^^^^^^^^^^^^^^^^^^^^^^^^^^^^^
  File "C:\Users\badli\OneDrive\Desktop\sistem_inteligent_de_gestionare_a_evenimentelor\env\Lib\site-packages\django\template\base.py", line 1008, in render
    return SafeString("".join([node.render_annotated(context) for node in self]))
                               ^^^^^^^^^^^^^^^^^^^^^^^^^^^^^^
  File "C:\Users\badli\OneDrive\Desktop\sistem_inteligent_de_gestionare_a_evenimentelor\env\Lib\site-packages\django\template\base.py", line 969, in render_annotated
    return self.render(context)
           ^^^^^^^^^^^^^^^^^^^^
  File "C:\Users\badli\OneDrive\Desktop\sistem_inteligent_de_gestionare_a_evenimentelor\env\Lib\site-packages\django\template\loader_tags.py", line 134, in render
    compiled_parent = self.get_parent(context)
                      ^^^^^^^^^^^^^^^^^^^^^^^^
  File "C:\Users\badli\OneDrive\Desktop\sistem_inteligent_de_gestionare_a_evenimentelor\env\Lib\site-packages\django\template\loader_tags.py", line 131, in get_parent
    return self.find_template(parent, context)
           ^^^^^^^^^^^^^^^^^^^^^^^^^^^^^^^^^^^
  File "C:\Users\badli\OneDrive\Desktop\sistem_inteligent_de_gestionare_a_evenimentelor\env\Lib\site-packages\django\template\loader_tags.py", line 109, in find_template
    template, origin = context.template.engine.find_template(
                       ^^^^^^^^^^^^^^^^^^^^^^^^^^^^^^^^^^^^^^
  File "C:\Users\badli\OneDrive\Desktop\sistem_inteligent_de_gestionare_a_evenimentelor\env\Lib\site-packages\django\template\engine.py", line 159, in find_template
    template = loader.get_template(name, skip=skip)
               ^^^^^^^^^^^^^^^^^^^^^^^^^^^^^^^^^^^^
  File "C:\Users\badli\OneDrive\Desktop\sistem_inteligent_de_gestionare_a_evenimentelor\env\Lib\site-packages\django\template\loaders\cached.py", line 57, in get_template
    template = super().get_template(template_name, skip)
               ^^^^^^^^^^^^^^^^^^^^^^^^^^^^^^^^^^^^^^^^^
  File "C:\Users\badli\OneDrive\Desktop\sistem_inteligent_de_gestionare_a_evenimentelor\env\Lib\site-packages\django\template\loaders\base.py", line 28, in get_template
    return Template(
           ^^^^^^^^^
  File "C:\Users\badli\OneDrive\Desktop\sistem_inteligent_de_gestionare_a_evenimentelor\env\Lib\site-packages\django\template\base.py", line 154, in __init__
    self.nodelist = self.compile_nodelist()
                    ^^^^^^^^^^^^^^^^^^^^^^^
  File "C:\Users\badli\OneDrive\Desktop\sistem_inteligent_de_gestionare_a_evenimentelor\env\Lib\site-packages\django\template\base.py", line 196, in compile_nodelist
    nodelist = parser.parse()
               ^^^^^^^^^^^^^^
  File "C:\Users\badli\OneDrive\Desktop\sistem_inteligent_de_gestionare_a_evenimentelor\env\Lib\site-packages\django\template\base.py", line 518, in parse
    raise self.error(token, e)
  File "C:\Users\badli\OneDrive\Desktop\sistem_inteligent_de_gestionare_a_evenimentelor\env\Lib\site-packages\django\template\base.py", line 516, in parse
    compiled_result = compile_func(self, token)
                      ^^^^^^^^^^^^^^^^^^^^^^^^^
  File "C:\Users\badli\OneDrive\Desktop\sistem_inteligent_de_gestionare_a_evenimentelor\env\Lib\site-packages\django\template\loader_tags.py", line 234, in do_block
    nodelist = parser.parse(("endblock",))
               ^^^^^^^^^^^^^^^^^^^^^^^^^^^
  File "C:\Users\badli\OneDrive\Desktop\sistem_inteligent_de_gestionare_a_evenimentelor\env\Lib\site-packages\django\template\base.py", line 523, in parse
    self.unclosed_block_tag(parse_until)
  File "C:\Users\badli\OneDrive\Desktop\sistem_inteligent_de_gestionare_a_evenimentelor\env\Lib\site-packages\django\template\base.py", line 586, in unclosed_block_tag
    raise self.error(token, msg)
django.template.exceptions.TemplateSyntaxError: Unclosed tag on line 20: 'block'. Looking for one of: endblock.
"GET / HTTP/1.1" 500 181871
Internal Server Error: /
Traceback (most recent call last):
  File "C:\Users\badli\OneDrive\Desktop\sistem_inteligent_de_gestionare_a_evenimentelor\env\Lib\site-packages\django\core\handlers\exception.py", line 55, in inner
    response = get_response(request)
               ^^^^^^^^^^^^^^^^^^^^^
  File "C:\Users\badli\OneDrive\Desktop\sistem_inteligent_de_gestionare_a_evenimentelor\env\Lib\site-packages\django\core\handlers\base.py", line 197, in _get_response
    response = wrapped_callback(request, *callback_args, **callback_kwargs)
               ^^^^^^^^^^^^^^^^^^^^^^^^^^^^^^^^^^^^^^^^^^^^^^^^^^^^^^^^^^^^
  File "C:\Users\badli\OneDrive\Desktop\sistem_inteligent_de_gestionare_a_evenimentelor\base\views.py", line 132, in home
    return render(request, 'base/home.html', context)
           ^^^^^^^^^^^^^^^^^^^^^^^^^^^^^^^^^^^^^^^^^^
  File "C:\Users\badli\OneDrive\Desktop\sistem_inteligent_de_gestionare_a_evenimentelor\env\Lib\site-packages\django\shortcuts.py", line 25, in render
    content = loader.render_to_string(template_name, context, request, using=using)
              ^^^^^^^^^^^^^^^^^^^^^^^^^^^^^^^^^^^^^^^^^^^^^^^^^^^^^^^^^^^^^^^^^^^^^
  File "C:\Users\badli\OneDrive\Desktop\sistem_inteligent_de_gestionare_a_evenimentelor\env\Lib\site-packages\django\template\loader.py", line 62, in render_to_string
    return template.render(context, request)
           ^^^^^^^^^^^^^^^^^^^^^^^^^^^^^^^^^
  File "C:\Users\badli\OneDrive\Desktop\sistem_inteligent_de_gestionare_a_evenimentelor\env\Lib\site-packages\django\template\backends\django.py", line 107, in render
    return self.template.render(context)
           ^^^^^^^^^^^^^^^^^^^^^^^^^^^^^
  File "C:\Users\badli\OneDrive\Desktop\sistem_inteligent_de_gestionare_a_evenimentelor\env\Lib\site-packages\django\template\base.py", line 171, in render
    return self._render(context)
           ^^^^^^^^^^^^^^^^^^^^^
  File "C:\Users\badli\OneDrive\Desktop\sistem_inteligent_de_gestionare_a_evenimentelor\env\Lib\site-packages\django\template\base.py", line 163, in _render
    return self.nodelist.render(context)
           ^^^^^^^^^^^^^^^^^^^^^^^^^^^^^
  File "C:\Users\badli\OneDrive\Desktop\sistem_inteligent_de_gestionare_a_evenimentelor\env\Lib\site-packages\django\template\base.py", line 1008, in render
    return SafeString("".join([node.render_annotated(context) for node in self]))
                               ^^^^^^^^^^^^^^^^^^^^^^^^^^^^^^
  File "C:\Users\badli\OneDrive\Desktop\sistem_inteligent_de_gestionare_a_evenimentelor\env\Lib\site-packages\django\template\base.py", line 969, in render_annotated
    return self.render(context)
           ^^^^^^^^^^^^^^^^^^^^
  File "C:\Users\badli\OneDrive\Desktop\sistem_inteligent_de_gestionare_a_evenimentelor\env\Lib\site-packages\django\template\loader_tags.py", line 134, in render
    compiled_parent = self.get_parent(context)
                      ^^^^^^^^^^^^^^^^^^^^^^^^
  File "C:\Users\badli\OneDrive\Desktop\sistem_inteligent_de_gestionare_a_evenimentelor\env\Lib\site-packages\django\template\loader_tags.py", line 131, in get_parent
    return self.find_template(parent, context)
           ^^^^^^^^^^^^^^^^^^^^^^^^^^^^^^^^^^^
  File "C:\Users\badli\OneDrive\Desktop\sistem_inteligent_de_gestionare_a_evenimentelor\env\Lib\site-packages\django\template\loader_tags.py", line 109, in find_template
    template, origin = context.template.engine.find_template(
                       ^^^^^^^^^^^^^^^^^^^^^^^^^^^^^^^^^^^^^^
  File "C:\Users\badli\OneDrive\Desktop\sistem_inteligent_de_gestionare_a_evenimentelor\env\Lib\site-packages\django\template\engine.py", line 159, in find_template
    template = loader.get_template(name, skip=skip)
               ^^^^^^^^^^^^^^^^^^^^^^^^^^^^^^^^^^^^
  File "C:\Users\badli\OneDrive\Desktop\sistem_inteligent_de_gestionare_a_evenimentelor\env\Lib\site-packages\django\template\loaders\cached.py", line 57, in get_template
    template = super().get_template(template_name, skip)
               ^^^^^^^^^^^^^^^^^^^^^^^^^^^^^^^^^^^^^^^^^
  File "C:\Users\badli\OneDrive\Desktop\sistem_inteligent_de_gestionare_a_evenimentelor\env\Lib\site-packages\django\template\loaders\base.py", line 28, in get_template
    return Template(
           ^^^^^^^^^
  File "C:\Users\badli\OneDrive\Desktop\sistem_inteligent_de_gestionare_a_evenimentelor\env\Lib\site-packages\django\template\base.py", line 154, in __init__
    self.nodelist = self.compile_nodelist()
                    ^^^^^^^^^^^^^^^^^^^^^^^
  File "C:\Users\badli\OneDrive\Desktop\sistem_inteligent_de_gestionare_a_evenimentelor\env\Lib\site-packages\django\template\base.py", line 196, in compile_nodelist
    nodelist = parser.parse()
               ^^^^^^^^^^^^^^
  File "C:\Users\badli\OneDrive\Desktop\sistem_inteligent_de_gestionare_a_evenimentelor\env\Lib\site-packages\django\template\base.py", line 518, in parse
    raise self.error(token, e)
  File "C:\Users\badli\OneDrive\Desktop\sistem_inteligent_de_gestionare_a_evenimentelor\env\Lib\site-packages\django\template\base.py", line 516, in parse
    compiled_result = compile_func(self, token)
                      ^^^^^^^^^^^^^^^^^^^^^^^^^
  File "C:\Users\badli\OneDrive\Desktop\sistem_inteligent_de_gestionare_a_evenimentelor\env\Lib\site-packages\django\template\loader_tags.py", line 234, in do_block
    nodelist = parser.parse(("endblock",))
               ^^^^^^^^^^^^^^^^^^^^^^^^^^^
  File "C:\Users\badli\OneDrive\Desktop\sistem_inteligent_de_gestionare_a_evenimentelor\env\Lib\site-packages\django\template\base.py", line 523, in parse
    self.unclosed_block_tag(parse_until)
  File "C:\Users\badli\OneDrive\Desktop\sistem_inteligent_de_gestionare_a_evenimentelor\env\Lib\site-packages\django\template\base.py", line 586, in unclosed_block_tag
    raise self.error(token, msg)
django.template.exceptions.TemplateSyntaxError: Unclosed tag on line 20: 'block'. Looking for one of: endblock.
"GET / HTTP/1.1" 500 181871
Internal Server Error: /
Traceback (most recent call last):
  File "C:\Users\badli\OneDrive\Desktop\sistem_inteligent_de_gestionare_a_evenimentelor\env\Lib\site-packages\django\core\handlers\exception.py", line 55, in inner
    response = get_response(request)
               ^^^^^^^^^^^^^^^^^^^^^
  File "C:\Users\badli\OneDrive\Desktop\sistem_inteligent_de_gestionare_a_evenimentelor\env\Lib\site-packages\django\core\handlers\base.py", line 197, in _get_response
    response = wrapped_callback(request, *callback_args, **callback_kwargs)
               ^^^^^^^^^^^^^^^^^^^^^^^^^^^^^^^^^^^^^^^^^^^^^^^^^^^^^^^^^^^^
  File "C:\Users\badli\OneDrive\Desktop\sistem_inteligent_de_gestionare_a_evenimentelor\base\views.py", line 132, in home
    return render(request, 'base/home.html', context)
           ^^^^^^^^^^^^^^^^^^^^^^^^^^^^^^^^^^^^^^^^^^
  File "C:\Users\badli\OneDrive\Desktop\sistem_inteligent_de_gestionare_a_evenimentelor\env\Lib\site-packages\django\shortcuts.py", line 25, in render
    content = loader.render_to_string(template_name, context, request, using=using)
              ^^^^^^^^^^^^^^^^^^^^^^^^^^^^^^^^^^^^^^^^^^^^^^^^^^^^^^^^^^^^^^^^^^^^^
  File "C:\Users\badli\OneDrive\Desktop\sistem_inteligent_de_gestionare_a_evenimentelor\env\Lib\site-packages\django\template\loader.py", line 62, in render_to_string
    return template.render(context, request)
           ^^^^^^^^^^^^^^^^^^^^^^^^^^^^^^^^^
  File "C:\Users\badli\OneDrive\Desktop\sistem_inteligent_de_gestionare_a_evenimentelor\env\Lib\site-packages\django\template\backends\django.py", line 107, in render
    return self.template.render(context)
           ^^^^^^^^^^^^^^^^^^^^^^^^^^^^^
  File "C:\Users\badli\OneDrive\Desktop\sistem_inteligent_de_gestionare_a_evenimentelor\env\Lib\site-packages\django\template\base.py", line 171, in render
    return self._render(context)
           ^^^^^^^^^^^^^^^^^^^^^
  File "C:\Users\badli\OneDrive\Desktop\sistem_inteligent_de_gestionare_a_evenimentelor\env\Lib\site-packages\django\template\base.py", line 163, in _render
    return self.nodelist.render(context)
           ^^^^^^^^^^^^^^^^^^^^^^^^^^^^^
  File "C:\Users\badli\OneDrive\Desktop\sistem_inteligent_de_gestionare_a_evenimentelor\env\Lib\site-packages\django\template\base.py", line 1008, in render
    return SafeString("".join([node.render_annotated(context) for node in self]))
                               ^^^^^^^^^^^^^^^^^^^^^^^^^^^^^^
  File "C:\Users\badli\OneDrive\Desktop\sistem_inteligent_de_gestionare_a_evenimentelor\env\Lib\site-packages\django\template\base.py", line 969, in render_annotated
    return self.render(context)
           ^^^^^^^^^^^^^^^^^^^^
  File "C:\Users\badli\OneDrive\Desktop\sistem_inteligent_de_gestionare_a_evenimentelor\env\Lib\site-packages\django\template\loader_tags.py", line 134, in render
    compiled_parent = self.get_parent(context)
                      ^^^^^^^^^^^^^^^^^^^^^^^^
  File "C:\Users\badli\OneDrive\Desktop\sistem_inteligent_de_gestionare_a_evenimentelor\env\Lib\site-packages\django\template\loader_tags.py", line 131, in get_parent
    return self.find_template(parent, context)
           ^^^^^^^^^^^^^^^^^^^^^^^^^^^^^^^^^^^
  File "C:\Users\badli\OneDrive\Desktop\sistem_inteligent_de_gestionare_a_evenimentelor\env\Lib\site-packages\django\template\loader_tags.py", line 109, in find_template
    template, origin = context.template.engine.find_template(
                       ^^^^^^^^^^^^^^^^^^^^^^^^^^^^^^^^^^^^^^
  File "C:\Users\badli\OneDrive\Desktop\sistem_inteligent_de_gestionare_a_evenimentelor\env\Lib\site-packages\django\template\engine.py", line 159, in find_template
    template = loader.get_template(name, skip=skip)
               ^^^^^^^^^^^^^^^^^^^^^^^^^^^^^^^^^^^^
  File "C:\Users\badli\OneDrive\Desktop\sistem_inteligent_de_gestionare_a_evenimentelor\env\Lib\site-packages\django\template\loaders\cached.py", line 57, in get_template
    template = super().get_template(template_name, skip)
               ^^^^^^^^^^^^^^^^^^^^^^^^^^^^^^^^^^^^^^^^^
  File "C:\Users\badli\OneDrive\Desktop\sistem_inteligent_de_gestionare_a_evenimentelor\env\Lib\site-packages\django\template\loaders\base.py", line 28, in get_template
    return Template(
           ^^^^^^^^^
  File "C:\Users\badli\OneDrive\Desktop\sistem_inteligent_de_gestionare_a_evenimentelor\env\Lib\site-packages\django\template\base.py", line 154, in __init__
    self.nodelist = self.compile_nodelist()
                    ^^^^^^^^^^^^^^^^^^^^^^^
  File "C:\Users\badli\OneDrive\Desktop\sistem_inteligent_de_gestionare_a_evenimentelor\env\Lib\site-packages\django\template\base.py", line 196, in compile_nodelist
    nodelist = parser.parse()
               ^^^^^^^^^^^^^^
  File "C:\Users\badli\OneDrive\Desktop\sistem_inteligent_de_gestionare_a_evenimentelor\env\Lib\site-packages\django\template\base.py", line 518, in parse
    raise self.error(token, e)
  File "C:\Users\badli\OneDrive\Desktop\sistem_inteligent_de_gestionare_a_evenimentelor\env\Lib\site-packages\django\template\base.py", line 516, in parse
    compiled_result = compile_func(self, token)
                      ^^^^^^^^^^^^^^^^^^^^^^^^^
  File "C:\Users\badli\OneDrive\Desktop\sistem_inteligent_de_gestionare_a_evenimentelor\env\Lib\site-packages\django\template\loader_tags.py", line 234, in do_block
    nodelist = parser.parse(("endblock",))
               ^^^^^^^^^^^^^^^^^^^^^^^^^^^
  File "C:\Users\badli\OneDrive\Desktop\sistem_inteligent_de_gestionare_a_evenimentelor\env\Lib\site-packages\django\template\base.py", line 523, in parse
    self.unclosed_block_tag(parse_until)
  File "C:\Users\badli\OneDrive\Desktop\sistem_inteligent_de_gestionare_a_evenimentelor\env\Lib\site-packages\django\template\base.py", line 586, in unclosed_block_tag
    raise self.error(token, msg)
django.template.exceptions.TemplateSyntaxError: Unclosed tag on line 20: 'block'. Looking for one of: endblock.
"GET / HTTP/1.1" 500 181871
Internal Server Error: /
Traceback (most recent call last):
  File "C:\Users\badli\OneDrive\Desktop\sistem_inteligent_de_gestionare_a_evenimentelor\env\Lib\site-packages\django\template\base.py", line 510, in parse
    compile_func = self.tags[command]
                   ~~~~~~~~~^^^^^^^^^
KeyError: 'endblock'

During handling of the above exception, another exception occurred:

Traceback (most recent call last):
  File "C:\Users\badli\OneDrive\Desktop\sistem_inteligent_de_gestionare_a_evenimentelor\env\Lib\site-packages\django\core\handlers\exception.py", line 55, in inner
    response = get_response(request)
               ^^^^^^^^^^^^^^^^^^^^^
  File "C:\Users\badli\OneDrive\Desktop\sistem_inteligent_de_gestionare_a_evenimentelor\env\Lib\site-packages\django\core\handlers\base.py", line 197, in _get_response
    response = wrapped_callback(request, *callback_args, **callback_kwargs)
               ^^^^^^^^^^^^^^^^^^^^^^^^^^^^^^^^^^^^^^^^^^^^^^^^^^^^^^^^^^^^
  File "C:\Users\badli\OneDrive\Desktop\sistem_inteligent_de_gestionare_a_evenimentelor\base\views.py", line 132, in home
    return render(request, 'base/home.html', context)
           ^^^^^^^^^^^^^^^^^^^^^^^^^^^^^^^^^^^^^^^^^^
  File "C:\Users\badli\OneDrive\Desktop\sistem_inteligent_de_gestionare_a_evenimentelor\env\Lib\site-packages\django\shortcuts.py", line 25, in render
    content = loader.render_to_string(template_name, context, request, using=using)
              ^^^^^^^^^^^^^^^^^^^^^^^^^^^^^^^^^^^^^^^^^^^^^^^^^^^^^^^^^^^^^^^^^^^^^
  File "C:\Users\badli\OneDrive\Desktop\sistem_inteligent_de_gestionare_a_evenimentelor\env\Lib\site-packages\django\template\loader.py", line 61, in render_to_string
    template = get_template(template_name, using=using)
               ^^^^^^^^^^^^^^^^^^^^^^^^^^^^^^^^^^^^^^^^
  File "C:\Users\badli\OneDrive\Desktop\sistem_inteligent_de_gestionare_a_evenimentelor\env\Lib\site-packages\django\template\loader.py", line 15, in get_template
    return engine.get_template(template_name)
           ^^^^^^^^^^^^^^^^^^^^^^^^^^^^^^^^^^
  File "C:\Users\badli\OneDrive\Desktop\sistem_inteligent_de_gestionare_a_evenimentelor\env\Lib\site-packages\django\template\backends\django.py", line 79, in get_template
    return Template(self.engine.get_template(template_name), self)
                    ^^^^^^^^^^^^^^^^^^^^^^^^^^^^^^^^^^^^^^^
  File "C:\Users\badli\OneDrive\Desktop\sistem_inteligent_de_gestionare_a_evenimentelor\env\Lib\site-packages\django\template\engine.py", line 177, in get_template
    template, origin = self.find_template(template_name)
                       ^^^^^^^^^^^^^^^^^^^^^^^^^^^^^^^^^
  File "C:\Users\badli\OneDrive\Desktop\sistem_inteligent_de_gestionare_a_evenimentelor\env\Lib\site-packages\django\template\engine.py", line 159, in find_template
    template = loader.get_template(name, skip=skip)
               ^^^^^^^^^^^^^^^^^^^^^^^^^^^^^^^^^^^^
  File "C:\Users\badli\OneDrive\Desktop\sistem_inteligent_de_gestionare_a_evenimentelor\env\Lib\site-packages\django\template\loaders\cached.py", line 57, in get_template
    template = super().get_template(template_name, skip)
               ^^^^^^^^^^^^^^^^^^^^^^^^^^^^^^^^^^^^^^^^^
  File "C:\Users\badli\OneDrive\Desktop\sistem_inteligent_de_gestionare_a_evenimentelor\env\Lib\site-packages\django\template\loaders\base.py", line 28, in get_template
    return Template(
           ^^^^^^^^^
  File "C:\Users\badli\OneDrive\Desktop\sistem_inteligent_de_gestionare_a_evenimentelor\env\Lib\site-packages\django\template\base.py", line 154, in __init__
    self.nodelist = self.compile_nodelist()
                    ^^^^^^^^^^^^^^^^^^^^^^^
  File "C:\Users\badli\OneDrive\Desktop\sistem_inteligent_de_gestionare_a_evenimentelor\env\Lib\site-packages\django\template\base.py", line 196, in compile_nodelist
    nodelist = parser.parse()
               ^^^^^^^^^^^^^^
  File "C:\Users\badli\OneDrive\Desktop\sistem_inteligent_de_gestionare_a_evenimentelor\env\Lib\site-packages\django\template\base.py", line 518, in parse
    raise self.error(token, e)
  File "C:\Users\badli\OneDrive\Desktop\sistem_inteligent_de_gestionare_a_evenimentelor\env\Lib\site-packages\django\template\base.py", line 516, in parse
    compiled_result = compile_func(self, token)
                      ^^^^^^^^^^^^^^^^^^^^^^^^^
  File "C:\Users\badli\OneDrive\Desktop\sistem_inteligent_de_gestionare_a_evenimentelor\env\Lib\site-packages\django\template\loader_tags.py", line 295, in do_extends
    nodelist = parser.parse()
               ^^^^^^^^^^^^^^
  File "C:\Users\badli\OneDrive\Desktop\sistem_inteligent_de_gestionare_a_evenimentelor\env\Lib\site-packages\django\template\base.py", line 518, in parse
    raise self.error(token, e)
  File "C:\Users\badli\OneDrive\Desktop\sistem_inteligent_de_gestionare_a_evenimentelor\env\Lib\site-packages\django\template\base.py", line 516, in parse
    compiled_result = compile_func(self, token)
                      ^^^^^^^^^^^^^^^^^^^^^^^^^
  File "C:\Users\badli\OneDrive\Desktop\sistem_inteligent_de_gestionare_a_evenimentelor\env\Lib\site-packages\django\template\loader_tags.py", line 234, in do_block
    nodelist = parser.parse(("endblock",))
               ^^^^^^^^^^^^^^^^^^^^^^^^^^^
  File "C:\Users\badli\OneDrive\Desktop\sistem_inteligent_de_gestionare_a_evenimentelor\env\Lib\site-packages\django\template\base.py", line 518, in parse
    raise self.error(token, e)
  File "C:\Users\badli\OneDrive\Desktop\sistem_inteligent_de_gestionare_a_evenimentelor\env\Lib\site-packages\django\template\base.py", line 516, in parse
    compiled_result = compile_func(self, token)
                      ^^^^^^^^^^^^^^^^^^^^^^^^^
  File "C:\Users\badli\OneDrive\Desktop\sistem_inteligent_de_gestionare_a_evenimentelor\env\Lib\site-packages\django\template\defaulttags.py", line 862, in do_for
    nodelist_loop = parser.parse(
                    ^^^^^^^^^^^^^
  File "C:\Users\badli\OneDrive\Desktop\sistem_inteligent_de_gestionare_a_evenimentelor\env\Lib\site-packages\django\template\base.py", line 512, in parse
    self.invalid_block_tag(token, command, parse_until)
  File "C:\Users\badli\OneDrive\Desktop\sistem_inteligent_de_gestionare_a_evenimentelor\env\Lib\site-packages\django\template\base.py", line 563, in invalid_block_tag
    raise self.error(
django.template.exceptions.TemplateSyntaxError: Invalid block tag on line 142: 'endblock', expected 'empty' or 'endfor'. Did you forget to register or load this tag?
"GET / HTTP/1.1" 500 204584
Internal Server Error: /
Traceback (most recent call last):
  File "C:\Users\badli\OneDrive\Desktop\sistem_inteligent_de_gestionare_a_evenimentelor\env\Lib\site-packages\django\template\base.py", line 510, in parse
    compile_func = self.tags[command]
                   ~~~~~~~~~^^^^^^^^^
KeyError: 'endblock'

During handling of the above exception, another exception occurred:

Traceback (most recent call last):
  File "C:\Users\badli\OneDrive\Desktop\sistem_inteligent_de_gestionare_a_evenimentelor\env\Lib\site-packages\django\core\handlers\exception.py", line 55, in inner
    response = get_response(request)
               ^^^^^^^^^^^^^^^^^^^^^
  File "C:\Users\badli\OneDrive\Desktop\sistem_inteligent_de_gestionare_a_evenimentelor\env\Lib\site-packages\django\core\handlers\base.py", line 197, in _get_response
    response = wrapped_callback(request, *callback_args, **callback_kwargs)
               ^^^^^^^^^^^^^^^^^^^^^^^^^^^^^^^^^^^^^^^^^^^^^^^^^^^^^^^^^^^^
  File "C:\Users\badli\OneDrive\Desktop\sistem_inteligent_de_gestionare_a_evenimentelor\base\views.py", line 132, in home
    return render(request, 'base/home.html', context)
           ^^^^^^^^^^^^^^^^^^^^^^^^^^^^^^^^^^^^^^^^^^
  File "C:\Users\badli\OneDrive\Desktop\sistem_inteligent_de_gestionare_a_evenimentelor\env\Lib\site-packages\django\shortcuts.py", line 25, in render
    content = loader.render_to_string(template_name, context, request, using=using)
              ^^^^^^^^^^^^^^^^^^^^^^^^^^^^^^^^^^^^^^^^^^^^^^^^^^^^^^^^^^^^^^^^^^^^^
  File "C:\Users\badli\OneDrive\Desktop\sistem_inteligent_de_gestionare_a_evenimentelor\env\Lib\site-packages\django\template\loader.py", line 61, in render_to_string
    template = get_template(template_name, using=using)
               ^^^^^^^^^^^^^^^^^^^^^^^^^^^^^^^^^^^^^^^^
  File "C:\Users\badli\OneDrive\Desktop\sistem_inteligent_de_gestionare_a_evenimentelor\env\Lib\site-packages\django\template\loader.py", line 15, in get_template
    return engine.get_template(template_name)
           ^^^^^^^^^^^^^^^^^^^^^^^^^^^^^^^^^^
  File "C:\Users\badli\OneDrive\Desktop\sistem_inteligent_de_gestionare_a_evenimentelor\env\Lib\site-packages\django\template\backends\django.py", line 79, in get_template
    return Template(self.engine.get_template(template_name), self)
                    ^^^^^^^^^^^^^^^^^^^^^^^^^^^^^^^^^^^^^^^
  File "C:\Users\badli\OneDrive\Desktop\sistem_inteligent_de_gestionare_a_evenimentelor\env\Lib\site-packages\django\template\engine.py", line 177, in get_template
    template, origin = self.find_template(template_name)
                       ^^^^^^^^^^^^^^^^^^^^^^^^^^^^^^^^^
  File "C:\Users\badli\OneDrive\Desktop\sistem_inteligent_de_gestionare_a_evenimentelor\env\Lib\site-packages\django\template\engine.py", line 159, in find_template
    template = loader.get_template(name, skip=skip)
               ^^^^^^^^^^^^^^^^^^^^^^^^^^^^^^^^^^^^
  File "C:\Users\badli\OneDrive\Desktop\sistem_inteligent_de_gestionare_a_evenimentelor\env\Lib\site-packages\django\template\loaders\cached.py", line 57, in get_template
    template = super().get_template(template_name, skip)
               ^^^^^^^^^^^^^^^^^^^^^^^^^^^^^^^^^^^^^^^^^
  File "C:\Users\badli\OneDrive\Desktop\sistem_inteligent_de_gestionare_a_evenimentelor\env\Lib\site-packages\django\template\loaders\base.py", line 28, in get_template
    return Template(
           ^^^^^^^^^
  File "C:\Users\badli\OneDrive\Desktop\sistem_inteligent_de_gestionare_a_evenimentelor\env\Lib\site-packages\django\template\base.py", line 154, in __init__
    self.nodelist = self.compile_nodelist()
                    ^^^^^^^^^^^^^^^^^^^^^^^
  File "C:\Users\badli\OneDrive\Desktop\sistem_inteligent_de_gestionare_a_evenimentelor\env\Lib\site-packages\django\template\base.py", line 196, in compile_nodelist
    nodelist = parser.parse()
               ^^^^^^^^^^^^^^
  File "C:\Users\badli\OneDrive\Desktop\sistem_inteligent_de_gestionare_a_evenimentelor\env\Lib\site-packages\django\template\base.py", line 518, in parse
    raise self.error(token, e)
  File "C:\Users\badli\OneDrive\Desktop\sistem_inteligent_de_gestionare_a_evenimentelor\env\Lib\site-packages\django\template\base.py", line 516, in parse
    compiled_result = compile_func(self, token)
                      ^^^^^^^^^^^^^^^^^^^^^^^^^
  File "C:\Users\badli\OneDrive\Desktop\sistem_inteligent_de_gestionare_a_evenimentelor\env\Lib\site-packages\django\template\loader_tags.py", line 295, in do_extends
    nodelist = parser.parse()
               ^^^^^^^^^^^^^^
  File "C:\Users\badli\OneDrive\Desktop\sistem_inteligent_de_gestionare_a_evenimentelor\env\Lib\site-packages\django\template\base.py", line 518, in parse
    raise self.error(token, e)
  File "C:\Users\badli\OneDrive\Desktop\sistem_inteligent_de_gestionare_a_evenimentelor\env\Lib\site-packages\django\template\base.py", line 516, in parse
    compiled_result = compile_func(self, token)
                      ^^^^^^^^^^^^^^^^^^^^^^^^^
  File "C:\Users\badli\OneDrive\Desktop\sistem_inteligent_de_gestionare_a_evenimentelor\env\Lib\site-packages\django\template\loader_tags.py", line 234, in do_block
    nodelist = parser.parse(("endblock",))
               ^^^^^^^^^^^^^^^^^^^^^^^^^^^
  File "C:\Users\badli\OneDrive\Desktop\sistem_inteligent_de_gestionare_a_evenimentelor\env\Lib\site-packages\django\template\base.py", line 518, in parse
    raise self.error(token, e)
  File "C:\Users\badli\OneDrive\Desktop\sistem_inteligent_de_gestionare_a_evenimentelor\env\Lib\site-packages\django\template\base.py", line 516, in parse
    compiled_result = compile_func(self, token)
                      ^^^^^^^^^^^^^^^^^^^^^^^^^
  File "C:\Users\badli\OneDrive\Desktop\sistem_inteligent_de_gestionare_a_evenimentelor\env\Lib\site-packages\django\template\defaulttags.py", line 862, in do_for
    nodelist_loop = parser.parse(
                    ^^^^^^^^^^^^^
  File "C:\Users\badli\OneDrive\Desktop\sistem_inteligent_de_gestionare_a_evenimentelor\env\Lib\site-packages\django\template\base.py", line 512, in parse
    self.invalid_block_tag(token, command, parse_until)
  File "C:\Users\badli\OneDrive\Desktop\sistem_inteligent_de_gestionare_a_evenimentelor\env\Lib\site-packages\django\template\base.py", line 563, in invalid_block_tag
    raise self.error(
django.template.exceptions.TemplateSyntaxError: Invalid block tag on line 142: 'endblock', expected 'empty' or 'endfor'. Did you forget to register or load this tag?
"GET / HTTP/1.1" 500 204584
Internal Server Error: /
Traceback (most recent call last):
  File "C:\Users\badli\OneDrive\Desktop\sistem_inteligent_de_gestionare_a_evenimentelor\env\Lib\site-packages\django\template\base.py", line 510, in parse
    compile_func = self.tags[command]
                   ~~~~~~~~~^^^^^^^^^
KeyError: 'endblock'

During handling of the above exception, another exception occurred:

Traceback (most recent call last):
  File "C:\Users\badli\OneDrive\Desktop\sistem_inteligent_de_gestionare_a_evenimentelor\env\Lib\site-packages\django\core\handlers\exception.py", line 55, in inner
    response = get_response(request)
               ^^^^^^^^^^^^^^^^^^^^^
  File "C:\Users\badli\OneDrive\Desktop\sistem_inteligent_de_gestionare_a_evenimentelor\env\Lib\site-packages\django\core\handlers\base.py", line 197, in _get_response
    response = wrapped_callback(request, *callback_args, **callback_kwargs)
               ^^^^^^^^^^^^^^^^^^^^^^^^^^^^^^^^^^^^^^^^^^^^^^^^^^^^^^^^^^^^
  File "C:\Users\badli\OneDrive\Desktop\sistem_inteligent_de_gestionare_a_evenimentelor\base\views.py", line 132, in home
    return render(request, 'base/home.html', context)
           ^^^^^^^^^^^^^^^^^^^^^^^^^^^^^^^^^^^^^^^^^^
  File "C:\Users\badli\OneDrive\Desktop\sistem_inteligent_de_gestionare_a_evenimentelor\env\Lib\site-packages\django\shortcuts.py", line 25, in render
    content = loader.render_to_string(template_name, context, request, using=using)
              ^^^^^^^^^^^^^^^^^^^^^^^^^^^^^^^^^^^^^^^^^^^^^^^^^^^^^^^^^^^^^^^^^^^^^
  File "C:\Users\badli\OneDrive\Desktop\sistem_inteligent_de_gestionare_a_evenimentelor\env\Lib\site-packages\django\template\loader.py", line 61, in render_to_string
    template = get_template(template_name, using=using)
               ^^^^^^^^^^^^^^^^^^^^^^^^^^^^^^^^^^^^^^^^
  File "C:\Users\badli\OneDrive\Desktop\sistem_inteligent_de_gestionare_a_evenimentelor\env\Lib\site-packages\django\template\loader.py", line 15, in get_template
    return engine.get_template(template_name)
           ^^^^^^^^^^^^^^^^^^^^^^^^^^^^^^^^^^
  File "C:\Users\badli\OneDrive\Desktop\sistem_inteligent_de_gestionare_a_evenimentelor\env\Lib\site-packages\django\template\backends\django.py", line 79, in get_template
    return Template(self.engine.get_template(template_name), self)
                    ^^^^^^^^^^^^^^^^^^^^^^^^^^^^^^^^^^^^^^^
  File "C:\Users\badli\OneDrive\Desktop\sistem_inteligent_de_gestionare_a_evenimentelor\env\Lib\site-packages\django\template\engine.py", line 177, in get_template
    template, origin = self.find_template(template_name)
                       ^^^^^^^^^^^^^^^^^^^^^^^^^^^^^^^^^
  File "C:\Users\badli\OneDrive\Desktop\sistem_inteligent_de_gestionare_a_evenimentelor\env\Lib\site-packages\django\template\engine.py", line 159, in find_template
    template = loader.get_template(name, skip=skip)
               ^^^^^^^^^^^^^^^^^^^^^^^^^^^^^^^^^^^^
  File "C:\Users\badli\OneDrive\Desktop\sistem_inteligent_de_gestionare_a_evenimentelor\env\Lib\site-packages\django\template\loaders\cached.py", line 57, in get_template
    template = super().get_template(template_name, skip)
               ^^^^^^^^^^^^^^^^^^^^^^^^^^^^^^^^^^^^^^^^^
  File "C:\Users\badli\OneDrive\Desktop\sistem_inteligent_de_gestionare_a_evenimentelor\env\Lib\site-packages\django\template\loaders\base.py", line 28, in get_template
    return Template(
           ^^^^^^^^^
  File "C:\Users\badli\OneDrive\Desktop\sistem_inteligent_de_gestionare_a_evenimentelor\env\Lib\site-packages\django\template\base.py", line 154, in __init__
    self.nodelist = self.compile_nodelist()
                    ^^^^^^^^^^^^^^^^^^^^^^^
  File "C:\Users\badli\OneDrive\Desktop\sistem_inteligent_de_gestionare_a_evenimentelor\env\Lib\site-packages\django\template\base.py", line 196, in compile_nodelist
    nodelist = parser.parse()
               ^^^^^^^^^^^^^^
  File "C:\Users\badli\OneDrive\Desktop\sistem_inteligent_de_gestionare_a_evenimentelor\env\Lib\site-packages\django\template\base.py", line 518, in parse
    raise self.error(token, e)
  File "C:\Users\badli\OneDrive\Desktop\sistem_inteligent_de_gestionare_a_evenimentelor\env\Lib\site-packages\django\template\base.py", line 516, in parse
    compiled_result = compile_func(self, token)
                      ^^^^^^^^^^^^^^^^^^^^^^^^^
  File "C:\Users\badli\OneDrive\Desktop\sistem_inteligent_de_gestionare_a_evenimentelor\env\Lib\site-packages\django\template\loader_tags.py", line 295, in do_extends
    nodelist = parser.parse()
               ^^^^^^^^^^^^^^
  File "C:\Users\badli\OneDrive\Desktop\sistem_inteligent_de_gestionare_a_evenimentelor\env\Lib\site-packages\django\template\base.py", line 518, in parse
    raise self.error(token, e)
  File "C:\Users\badli\OneDrive\Desktop\sistem_inteligent_de_gestionare_a_evenimentelor\env\Lib\site-packages\django\template\base.py", line 516, in parse
    compiled_result = compile_func(self, token)
                      ^^^^^^^^^^^^^^^^^^^^^^^^^
  File "C:\Users\badli\OneDrive\Desktop\sistem_inteligent_de_gestionare_a_evenimentelor\env\Lib\site-packages\django\template\loader_tags.py", line 234, in do_block
    nodelist = parser.parse(("endblock",))
               ^^^^^^^^^^^^^^^^^^^^^^^^^^^
  File "C:\Users\badli\OneDrive\Desktop\sistem_inteligent_de_gestionare_a_evenimentelor\env\Lib\site-packages\django\template\base.py", line 518, in parse
    raise self.error(token, e)
  File "C:\Users\badli\OneDrive\Desktop\sistem_inteligent_de_gestionare_a_evenimentelor\env\Lib\site-packages\django\template\base.py", line 516, in parse
    compiled_result = compile_func(self, token)
                      ^^^^^^^^^^^^^^^^^^^^^^^^^
  File "C:\Users\badli\OneDrive\Desktop\sistem_inteligent_de_gestionare_a_evenimentelor\env\Lib\site-packages\django\template\defaulttags.py", line 862, in do_for
    nodelist_loop = parser.parse(
                    ^^^^^^^^^^^^^
  File "C:\Users\badli\OneDrive\Desktop\sistem_inteligent_de_gestionare_a_evenimentelor\env\Lib\site-packages\django\template\base.py", line 512, in parse
    self.invalid_block_tag(token, command, parse_until)
  File "C:\Users\badli\OneDrive\Desktop\sistem_inteligent_de_gestionare_a_evenimentelor\env\Lib\site-packages\django\template\base.py", line 563, in invalid_block_tag
    raise self.error(
django.template.exceptions.TemplateSyntaxError: Invalid block tag on line 142: 'endblock', expected 'empty' or 'endfor'. Did you forget to register or load this tag?
"GET / HTTP/1.1" 500 204456
Internal Server Error: /
Traceback (most recent call last):
  File "C:\Users\badli\OneDrive\Desktop\sistem_inteligent_de_gestionare_a_evenimentelor\env\Lib\site-packages\django\template\base.py", line 510, in parse
    compile_func = self.tags[command]
                   ~~~~~~~~~^^^^^^^^^
KeyError: 'endblock'

During handling of the above exception, another exception occurred:

Traceback (most recent call last):
  File "C:\Users\badli\OneDrive\Desktop\sistem_inteligent_de_gestionare_a_evenimentelor\env\Lib\site-packages\django\core\handlers\exception.py", line 55, in inner
    response = get_response(request)
               ^^^^^^^^^^^^^^^^^^^^^
  File "C:\Users\badli\OneDrive\Desktop\sistem_inteligent_de_gestionare_a_evenimentelor\env\Lib\site-packages\django\core\handlers\base.py", line 197, in _get_response
    response = wrapped_callback(request, *callback_args, **callback_kwargs)
               ^^^^^^^^^^^^^^^^^^^^^^^^^^^^^^^^^^^^^^^^^^^^^^^^^^^^^^^^^^^^
  File "C:\Users\badli\OneDrive\Desktop\sistem_inteligent_de_gestionare_a_evenimentelor\base\views.py", line 132, in home
    return render(request, 'base/home.html', context)
           ^^^^^^^^^^^^^^^^^^^^^^^^^^^^^^^^^^^^^^^^^^
  File "C:\Users\badli\OneDrive\Desktop\sistem_inteligent_de_gestionare_a_evenimentelor\env\Lib\site-packages\django\shortcuts.py", line 25, in render
    content = loader.render_to_string(template_name, context, request, using=using)
              ^^^^^^^^^^^^^^^^^^^^^^^^^^^^^^^^^^^^^^^^^^^^^^^^^^^^^^^^^^^^^^^^^^^^^
  File "C:\Users\badli\OneDrive\Desktop\sistem_inteligent_de_gestionare_a_evenimentelor\env\Lib\site-packages\django\template\loader.py", line 61, in render_to_string
    template = get_template(template_name, using=using)
               ^^^^^^^^^^^^^^^^^^^^^^^^^^^^^^^^^^^^^^^^
  File "C:\Users\badli\OneDrive\Desktop\sistem_inteligent_de_gestionare_a_evenimentelor\env\Lib\site-packages\django\template\loader.py", line 15, in get_template
    return engine.get_template(template_name)
           ^^^^^^^^^^^^^^^^^^^^^^^^^^^^^^^^^^
  File "C:\Users\badli\OneDrive\Desktop\sistem_inteligent_de_gestionare_a_evenimentelor\env\Lib\site-packages\django\template\backends\django.py", line 79, in get_template
    return Template(self.engine.get_template(template_name), self)
                    ^^^^^^^^^^^^^^^^^^^^^^^^^^^^^^^^^^^^^^^
  File "C:\Users\badli\OneDrive\Desktop\sistem_inteligent_de_gestionare_a_evenimentelor\env\Lib\site-packages\django\template\engine.py", line 177, in get_template
    template, origin = self.find_template(template_name)
                       ^^^^^^^^^^^^^^^^^^^^^^^^^^^^^^^^^
  File "C:\Users\badli\OneDrive\Desktop\sistem_inteligent_de_gestionare_a_evenimentelor\env\Lib\site-packages\django\template\engine.py", line 159, in find_template
    template = loader.get_template(name, skip=skip)
               ^^^^^^^^^^^^^^^^^^^^^^^^^^^^^^^^^^^^
  File "C:\Users\badli\OneDrive\Desktop\sistem_inteligent_de_gestionare_a_evenimentelor\env\Lib\site-packages\django\template\loaders\cached.py", line 57, in get_template
    template = super().get_template(template_name, skip)
               ^^^^^^^^^^^^^^^^^^^^^^^^^^^^^^^^^^^^^^^^^
  File "C:\Users\badli\OneDrive\Desktop\sistem_inteligent_de_gestionare_a_evenimentelor\env\Lib\site-packages\django\template\loaders\base.py", line 28, in get_template
    return Template(
           ^^^^^^^^^
  File "C:\Users\badli\OneDrive\Desktop\sistem_inteligent_de_gestionare_a_evenimentelor\env\Lib\site-packages\django\template\base.py", line 154, in __init__
    self.nodelist = self.compile_nodelist()
                    ^^^^^^^^^^^^^^^^^^^^^^^
  File "C:\Users\badli\OneDrive\Desktop\sistem_inteligent_de_gestionare_a_evenimentelor\env\Lib\site-packages\django\template\base.py", line 196, in compile_nodelist
    nodelist = parser.parse()
               ^^^^^^^^^^^^^^
  File "C:\Users\badli\OneDrive\Desktop\sistem_inteligent_de_gestionare_a_evenimentelor\env\Lib\site-packages\django\template\base.py", line 518, in parse
    raise self.error(token, e)
  File "C:\Users\badli\OneDrive\Desktop\sistem_inteligent_de_gestionare_a_evenimentelor\env\Lib\site-packages\django\template\base.py", line 516, in parse
    compiled_result = compile_func(self, token)
                      ^^^^^^^^^^^^^^^^^^^^^^^^^
  File "C:\Users\badli\OneDrive\Desktop\sistem_inteligent_de_gestionare_a_evenimentelor\env\Lib\site-packages\django\template\loader_tags.py", line 295, in do_extends
    nodelist = parser.parse()
               ^^^^^^^^^^^^^^
  File "C:\Users\badli\OneDrive\Desktop\sistem_inteligent_de_gestionare_a_evenimentelor\env\Lib\site-packages\django\template\base.py", line 518, in parse
    raise self.error(token, e)
  File "C:\Users\badli\OneDrive\Desktop\sistem_inteligent_de_gestionare_a_evenimentelor\env\Lib\site-packages\django\template\base.py", line 516, in parse
    compiled_result = compile_func(self, token)
                      ^^^^^^^^^^^^^^^^^^^^^^^^^
  File "C:\Users\badli\OneDrive\Desktop\sistem_inteligent_de_gestionare_a_evenimentelor\env\Lib\site-packages\django\template\loader_tags.py", line 234, in do_block
    nodelist = parser.parse(("endblock",))
               ^^^^^^^^^^^^^^^^^^^^^^^^^^^
  File "C:\Users\badli\OneDrive\Desktop\sistem_inteligent_de_gestionare_a_evenimentelor\env\Lib\site-packages\django\template\base.py", line 518, in parse
    raise self.error(token, e)
  File "C:\Users\badli\OneDrive\Desktop\sistem_inteligent_de_gestionare_a_evenimentelor\env\Lib\site-packages\django\template\base.py", line 516, in parse
    compiled_result = compile_func(self, token)
                      ^^^^^^^^^^^^^^^^^^^^^^^^^
  File "C:\Users\badli\OneDrive\Desktop\sistem_inteligent_de_gestionare_a_evenimentelor\env\Lib\site-packages\django\template\defaulttags.py", line 862, in do_for
    nodelist_loop = parser.parse(
                    ^^^^^^^^^^^^^
  File "C:\Users\badli\OneDrive\Desktop\sistem_inteligent_de_gestionare_a_evenimentelor\env\Lib\site-packages\django\template\base.py", line 512, in parse
    self.invalid_block_tag(token, command, parse_until)
  File "C:\Users\badli\OneDrive\Desktop\sistem_inteligent_de_gestionare_a_evenimentelor\env\Lib\site-packages\django\template\base.py", line 563, in invalid_block_tag
    raise self.error(
django.template.exceptions.TemplateSyntaxError: Invalid block tag on line 142: 'endblock', expected 'empty' or 'endfor'. Did you forget to register or load this tag?
"GET / HTTP/1.1" 500 204584
Internal Server Error: /
Traceback (most recent call last):
  File "C:\Users\badli\OneDrive\Desktop\sistem_inteligent_de_gestionare_a_evenimentelor\env\Lib\site-packages\django\core\handlers\exception.py", line 55, in inner
    response = get_response(request)
               ^^^^^^^^^^^^^^^^^^^^^
  File "C:\Users\badli\OneDrive\Desktop\sistem_inteligent_de_gestionare_a_evenimentelor\env\Lib\site-packages\django\core\handlers\base.py", line 197, in _get_response
    response = wrapped_callback(request, *callback_args, **callback_kwargs)
               ^^^^^^^^^^^^^^^^^^^^^^^^^^^^^^^^^^^^^^^^^^^^^^^^^^^^^^^^^^^^
  File "C:\Users\badli\OneDrive\Desktop\sistem_inteligent_de_gestionare_a_evenimentelor\base\views.py", line 132, in home
    return render(request, 'base/home.html', context)
           ^^^^^^^^^^^^^^^^^^^^^^^^^^^^^^^^^^^^^^^^^^
  File "C:\Users\badli\OneDrive\Desktop\sistem_inteligent_de_gestionare_a_evenimentelor\env\Lib\site-packages\django\shortcuts.py", line 25, in render
    content = loader.render_to_string(template_name, context, request, using=using)
              ^^^^^^^^^^^^^^^^^^^^^^^^^^^^^^^^^^^^^^^^^^^^^^^^^^^^^^^^^^^^^^^^^^^^^
  File "C:\Users\badli\OneDrive\Desktop\sistem_inteligent_de_gestionare_a_evenimentelor\env\Lib\site-packages\django\template\loader.py", line 61, in render_to_string
    template = get_template(template_name, using=using)
               ^^^^^^^^^^^^^^^^^^^^^^^^^^^^^^^^^^^^^^^^
  File "C:\Users\badli\OneDrive\Desktop\sistem_inteligent_de_gestionare_a_evenimentelor\env\Lib\site-packages\django\template\loader.py", line 15, in get_template
    return engine.get_template(template_name)
           ^^^^^^^^^^^^^^^^^^^^^^^^^^^^^^^^^^
  File "C:\Users\badli\OneDrive\Desktop\sistem_inteligent_de_gestionare_a_evenimentelor\env\Lib\site-packages\django\template\backends\django.py", line 79, in get_template
    return Template(self.engine.get_template(template_name), self)
                    ^^^^^^^^^^^^^^^^^^^^^^^^^^^^^^^^^^^^^^^
  File "C:\Users\badli\OneDrive\Desktop\sistem_inteligent_de_gestionare_a_evenimentelor\env\Lib\site-packages\django\template\engine.py", line 177, in get_template
    template, origin = self.find_template(template_name)
                       ^^^^^^^^^^^^^^^^^^^^^^^^^^^^^^^^^
  File "C:\Users\badli\OneDrive\Desktop\sistem_inteligent_de_gestionare_a_evenimentelor\env\Lib\site-packages\django\template\engine.py", line 159, in find_template
    template = loader.get_template(name, skip=skip)
               ^^^^^^^^^^^^^^^^^^^^^^^^^^^^^^^^^^^^
  File "C:\Users\badli\OneDrive\Desktop\sistem_inteligent_de_gestionare_a_evenimentelor\env\Lib\site-packages\django\template\loaders\cached.py", line 57, in get_template
    template = super().get_template(template_name, skip)
               ^^^^^^^^^^^^^^^^^^^^^^^^^^^^^^^^^^^^^^^^^
  File "C:\Users\badli\OneDrive\Desktop\sistem_inteligent_de_gestionare_a_evenimentelor\env\Lib\site-packages\django\template\loaders\base.py", line 28, in get_template
    return Template(
           ^^^^^^^^^
  File "C:\Users\badli\OneDrive\Desktop\sistem_inteligent_de_gestionare_a_evenimentelor\env\Lib\site-packages\django\template\base.py", line 154, in __init__
    self.nodelist = self.compile_nodelist()
                    ^^^^^^^^^^^^^^^^^^^^^^^
  File "C:\Users\badli\OneDrive\Desktop\sistem_inteligent_de_gestionare_a_evenimentelor\env\Lib\site-packages\django\template\base.py", line 196, in compile_nodelist
    nodelist = parser.parse()
               ^^^^^^^^^^^^^^
  File "C:\Users\badli\OneDrive\Desktop\sistem_inteligent_de_gestionare_a_evenimentelor\env\Lib\site-packages\django\template\base.py", line 518, in parse
    raise self.error(token, e)
  File "C:\Users\badli\OneDrive\Desktop\sistem_inteligent_de_gestionare_a_evenimentelor\env\Lib\site-packages\django\template\base.py", line 516, in parse
    compiled_result = compile_func(self, token)
                      ^^^^^^^^^^^^^^^^^^^^^^^^^
  File "C:\Users\badli\OneDrive\Desktop\sistem_inteligent_de_gestionare_a_evenimentelor\env\Lib\site-packages\django\template\loader_tags.py", line 295, in do_extends
    nodelist = parser.parse()
               ^^^^^^^^^^^^^^
  File "C:\Users\badli\OneDrive\Desktop\sistem_inteligent_de_gestionare_a_evenimentelor\env\Lib\site-packages\django\template\base.py", line 518, in parse
    raise self.error(token, e)
  File "C:\Users\badli\OneDrive\Desktop\sistem_inteligent_de_gestionare_a_evenimentelor\env\Lib\site-packages\django\template\base.py", line 516, in parse
    compiled_result = compile_func(self, token)
                      ^^^^^^^^^^^^^^^^^^^^^^^^^
  File "C:\Users\badli\OneDrive\Desktop\sistem_inteligent_de_gestionare_a_evenimentelor\env\Lib\site-packages\django\template\loader_tags.py", line 234, in do_block
    nodelist = parser.parse(("endblock",))
               ^^^^^^^^^^^^^^^^^^^^^^^^^^^
  File "C:\Users\badli\OneDrive\Desktop\sistem_inteligent_de_gestionare_a_evenimentelor\env\Lib\site-packages\django\template\base.py", line 518, in parse
    raise self.error(token, e)
  File "C:\Users\badli\OneDrive\Desktop\sistem_inteligent_de_gestionare_a_evenimentelor\env\Lib\site-packages\django\template\base.py", line 516, in parse
    compiled_result = compile_func(self, token)
                      ^^^^^^^^^^^^^^^^^^^^^^^^^
  File "C:\Users\badli\OneDrive\Desktop\sistem_inteligent_de_gestionare_a_evenimentelor\env\Lib\site-packages\django\template\defaulttags.py", line 862, in do_for
    nodelist_loop = parser.parse(
                    ^^^^^^^^^^^^^
  File "C:\Users\badli\OneDrive\Desktop\sistem_inteligent_de_gestionare_a_evenimentelor\env\Lib\site-packages\django\template\base.py", line 483, in parse
    raise self.error(
django.template.exceptions.TemplateSyntaxError: Empty variable tag on line 91
"GET / HTTP/1.1" 500 213760
Internal Server Error: /
Traceback (most recent call last):
  File "C:\Users\badli\OneDrive\Desktop\sistem_inteligent_de_gestionare_a_evenimentelor\env\Lib\site-packages\django\template\backends\django.py", line 107, in render
    return self.template.render(context)
           ^^^^^^^^^^^^^^^^^^^^^^^^^^^^^
  File "C:\Users\badli\OneDrive\Desktop\sistem_inteligent_de_gestionare_a_evenimentelor\env\Lib\site-packages\django\template\base.py", line 171, in render
    return self._render(context)
           ^^^^^^^^^^^^^^^^^^^^^
  File "C:\Users\badli\OneDrive\Desktop\sistem_inteligent_de_gestionare_a_evenimentelor\env\Lib\site-packages\django\template\base.py", line 163, in _render
    return self.nodelist.render(context)
           ^^^^^^^^^^^^^^^^^^^^^^^^^^^^^
  File "C:\Users\badli\OneDrive\Desktop\sistem_inteligent_de_gestionare_a_evenimentelor\env\Lib\site-packages\django\template\base.py", line 1008, in render
    return SafeString("".join([node.render_annotated(context) for node in self]))
                               ^^^^^^^^^^^^^^^^^^^^^^^^^^^^^^
  File "C:\Users\badli\OneDrive\Desktop\sistem_inteligent_de_gestionare_a_evenimentelor\env\Lib\site-packages\django\template\base.py", line 969, in render_annotated
    return self.render(context)
           ^^^^^^^^^^^^^^^^^^^^
  File "C:\Users\badli\OneDrive\Desktop\sistem_inteligent_de_gestionare_a_evenimentelor\env\Lib\site-packages\django\template\loader_tags.py", line 134, in render
    compiled_parent = self.get_parent(context)
                      ^^^^^^^^^^^^^^^^^^^^^^^^
  File "C:\Users\badli\OneDrive\Desktop\sistem_inteligent_de_gestionare_a_evenimentelor\env\Lib\site-packages\django\template\loader_tags.py", line 131, in get_parent
    return self.find_template(parent, context)
           ^^^^^^^^^^^^^^^^^^^^^^^^^^^^^^^^^^^
  File "C:\Users\badli\OneDrive\Desktop\sistem_inteligent_de_gestionare_a_evenimentelor\env\Lib\site-packages\django\template\loader_tags.py", line 109, in find_template
    template, origin = context.template.engine.find_template(
                       ^^^^^^^^^^^^^^^^^^^^^^^^^^^^^^^^^^^^^^
  File "C:\Users\badli\OneDrive\Desktop\sistem_inteligent_de_gestionare_a_evenimentelor\env\Lib\site-packages\django\template\engine.py", line 163, in find_template
    raise TemplateDoesNotExist(name, tried=tried)
django.template.exceptions.TemplateDoesNotExist: main.html

The above exception was the direct cause of the following exception:

Traceback (most recent call last):
  File "C:\Users\badli\OneDrive\Desktop\sistem_inteligent_de_gestionare_a_evenimentelor\env\Lib\site-packages\django\core\handlers\exception.py", line 55, in inner
    response = get_response(request)
               ^^^^^^^^^^^^^^^^^^^^^
  File "C:\Users\badli\OneDrive\Desktop\sistem_inteligent_de_gestionare_a_evenimentelor\env\Lib\site-packages\django\core\handlers\base.py", line 197, in _get_response
    response = wrapped_callback(request, *callback_args, **callback_kwargs)
               ^^^^^^^^^^^^^^^^^^^^^^^^^^^^^^^^^^^^^^^^^^^^^^^^^^^^^^^^^^^^
  File "C:\Users\badli\OneDrive\Desktop\sistem_inteligent_de_gestionare_a_evenimentelor\base\views.py", line 132, in home
    return render(request, 'base/home.html', context)
           ^^^^^^^^^^^^^^^^^^^^^^^^^^^^^^^^^^^^^^^^^^
  File "C:\Users\badli\OneDrive\Desktop\sistem_inteligent_de_gestionare_a_evenimentelor\env\Lib\site-packages\django\shortcuts.py", line 25, in render
    content = loader.render_to_string(template_name, context, request, using=using)
              ^^^^^^^^^^^^^^^^^^^^^^^^^^^^^^^^^^^^^^^^^^^^^^^^^^^^^^^^^^^^^^^^^^^^^
  File "C:\Users\badli\OneDrive\Desktop\sistem_inteligent_de_gestionare_a_evenimentelor\env\Lib\site-packages\django\template\loader.py", line 62, in render_to_string
    return template.render(context, request)
           ^^^^^^^^^^^^^^^^^^^^^^^^^^^^^^^^^
  File "C:\Users\badli\OneDrive\Desktop\sistem_inteligent_de_gestionare_a_evenimentelor\env\Lib\site-packages\django\template\backends\django.py", line 109, in render
    reraise(exc, self.backend)
  File "C:\Users\badli\OneDrive\Desktop\sistem_inteligent_de_gestionare_a_evenimentelor\env\Lib\site-packages\django\template\backends\django.py", line 130, in reraise
    raise new from exc
django.template.exceptions.TemplateDoesNotExist: main.html
"GET / HTTP/1.1" 500 144223
Internal Server Error: /
Traceback (most recent call last):
  File "C:\Users\badli\OneDrive\Desktop\sistem_inteligent_de_gestionare_a_evenimentelor\env\Lib\site-packages\django\template\backends\django.py", line 107, in render
    return self.template.render(context)
           ^^^^^^^^^^^^^^^^^^^^^^^^^^^^^
  File "C:\Users\badli\OneDrive\Desktop\sistem_inteligent_de_gestionare_a_evenimentelor\env\Lib\site-packages\django\template\base.py", line 171, in render
    return self._render(context)
           ^^^^^^^^^^^^^^^^^^^^^
  File "C:\Users\badli\OneDrive\Desktop\sistem_inteligent_de_gestionare_a_evenimentelor\env\Lib\site-packages\django\template\base.py", line 163, in _render
    return self.nodelist.render(context)
           ^^^^^^^^^^^^^^^^^^^^^^^^^^^^^
  File "C:\Users\badli\OneDrive\Desktop\sistem_inteligent_de_gestionare_a_evenimentelor\env\Lib\site-packages\django\template\base.py", line 1008, in render
    return SafeString("".join([node.render_annotated(context) for node in self]))
                               ^^^^^^^^^^^^^^^^^^^^^^^^^^^^^^
  File "C:\Users\badli\OneDrive\Desktop\sistem_inteligent_de_gestionare_a_evenimentelor\env\Lib\site-packages\django\template\base.py", line 969, in render_annotated
    return self.render(context)
           ^^^^^^^^^^^^^^^^^^^^
  File "C:\Users\badli\OneDrive\Desktop\sistem_inteligent_de_gestionare_a_evenimentelor\env\Lib\site-packages\django\template\loader_tags.py", line 134, in render
    compiled_parent = self.get_parent(context)
                      ^^^^^^^^^^^^^^^^^^^^^^^^
  File "C:\Users\badli\OneDrive\Desktop\sistem_inteligent_de_gestionare_a_evenimentelor\env\Lib\site-packages\django\template\loader_tags.py", line 131, in get_parent
    return self.find_template(parent, context)
           ^^^^^^^^^^^^^^^^^^^^^^^^^^^^^^^^^^^
  File "C:\Users\badli\OneDrive\Desktop\sistem_inteligent_de_gestionare_a_evenimentelor\env\Lib\site-packages\django\template\loader_tags.py", line 109, in find_template
    template, origin = context.template.engine.find_template(
                       ^^^^^^^^^^^^^^^^^^^^^^^^^^^^^^^^^^^^^^
  File "C:\Users\badli\OneDrive\Desktop\sistem_inteligent_de_gestionare_a_evenimentelor\env\Lib\site-packages\django\template\engine.py", line 163, in find_template
    raise TemplateDoesNotExist(name, tried=tried)
django.template.exceptions.TemplateDoesNotExist: main.html

The above exception was the direct cause of the following exception:

Traceback (most recent call last):
  File "C:\Users\badli\OneDrive\Desktop\sistem_inteligent_de_gestionare_a_evenimentelor\env\Lib\site-packages\django\core\handlers\exception.py", line 55, in inner
    response = get_response(request)
               ^^^^^^^^^^^^^^^^^^^^^
  File "C:\Users\badli\OneDrive\Desktop\sistem_inteligent_de_gestionare_a_evenimentelor\env\Lib\site-packages\django\core\handlers\base.py", line 197, in _get_response
    response = wrapped_callback(request, *callback_args, **callback_kwargs)
               ^^^^^^^^^^^^^^^^^^^^^^^^^^^^^^^^^^^^^^^^^^^^^^^^^^^^^^^^^^^^
  File "C:\Users\badli\OneDrive\Desktop\sistem_inteligent_de_gestionare_a_evenimentelor\base\views.py", line 132, in home
    return render(request, 'base/home.html', context)
           ^^^^^^^^^^^^^^^^^^^^^^^^^^^^^^^^^^^^^^^^^^
  File "C:\Users\badli\OneDrive\Desktop\sistem_inteligent_de_gestionare_a_evenimentelor\env\Lib\site-packages\django\shortcuts.py", line 25, in render
    content = loader.render_to_string(template_name, context, request, using=using)
              ^^^^^^^^^^^^^^^^^^^^^^^^^^^^^^^^^^^^^^^^^^^^^^^^^^^^^^^^^^^^^^^^^^^^^
  File "C:\Users\badli\OneDrive\Desktop\sistem_inteligent_de_gestionare_a_evenimentelor\env\Lib\site-packages\django\template\loader.py", line 62, in render_to_string
    return template.render(context, request)
           ^^^^^^^^^^^^^^^^^^^^^^^^^^^^^^^^^
  File "C:\Users\badli\OneDrive\Desktop\sistem_inteligent_de_gestionare_a_evenimentelor\env\Lib\site-packages\django\template\backends\django.py", line 109, in render
    reraise(exc, self.backend)
  File "C:\Users\badli\OneDrive\Desktop\sistem_inteligent_de_gestionare_a_evenimentelor\env\Lib\site-packages\django\template\backends\django.py", line 130, in reraise
    raise new from exc
django.template.exceptions.TemplateDoesNotExist: main.html
"GET / HTTP/1.1" 500 144223
Internal Server Error: /
Traceback (most recent call last):
  File "C:\Users\badli\OneDrive\Desktop\sistem_inteligent_de_gestionare_a_evenimentelor\env\Lib\site-packages\django\template\backends\django.py", line 107, in render
    return self.template.render(context)
           ^^^^^^^^^^^^^^^^^^^^^^^^^^^^^
  File "C:\Users\badli\OneDrive\Desktop\sistem_inteligent_de_gestionare_a_evenimentelor\env\Lib\site-packages\django\template\base.py", line 171, in render
    return self._render(context)
           ^^^^^^^^^^^^^^^^^^^^^
  File "C:\Users\badli\OneDrive\Desktop\sistem_inteligent_de_gestionare_a_evenimentelor\env\Lib\site-packages\django\template\base.py", line 163, in _render
    return self.nodelist.render(context)
           ^^^^^^^^^^^^^^^^^^^^^^^^^^^^^
  File "C:\Users\badli\OneDrive\Desktop\sistem_inteligent_de_gestionare_a_evenimentelor\env\Lib\site-packages\django\template\base.py", line 1008, in render
    return SafeString("".join([node.render_annotated(context) for node in self]))
                               ^^^^^^^^^^^^^^^^^^^^^^^^^^^^^^
  File "C:\Users\badli\OneDrive\Desktop\sistem_inteligent_de_gestionare_a_evenimentelor\env\Lib\site-packages\django\template\base.py", line 969, in render_annotated
    return self.render(context)
           ^^^^^^^^^^^^^^^^^^^^
  File "C:\Users\badli\OneDrive\Desktop\sistem_inteligent_de_gestionare_a_evenimentelor\env\Lib\site-packages\django\template\loader_tags.py", line 134, in render
    compiled_parent = self.get_parent(context)
                      ^^^^^^^^^^^^^^^^^^^^^^^^
  File "C:\Users\badli\OneDrive\Desktop\sistem_inteligent_de_gestionare_a_evenimentelor\env\Lib\site-packages\django\template\loader_tags.py", line 131, in get_parent
    return self.find_template(parent, context)
           ^^^^^^^^^^^^^^^^^^^^^^^^^^^^^^^^^^^
  File "C:\Users\badli\OneDrive\Desktop\sistem_inteligent_de_gestionare_a_evenimentelor\env\Lib\site-packages\django\template\loader_tags.py", line 109, in find_template
    template, origin = context.template.engine.find_template(
                       ^^^^^^^^^^^^^^^^^^^^^^^^^^^^^^^^^^^^^^
  File "C:\Users\badli\OneDrive\Desktop\sistem_inteligent_de_gestionare_a_evenimentelor\env\Lib\site-packages\django\template\engine.py", line 163, in find_template
    raise TemplateDoesNotExist(name, tried=tried)
django.template.exceptions.TemplateDoesNotExist: main.html

The above exception was the direct cause of the following exception:

Traceback (most recent call last):
  File "C:\Users\badli\OneDrive\Desktop\sistem_inteligent_de_gestionare_a_evenimentelor\env\Lib\site-packages\django\core\handlers\exception.py", line 55, in inner
    response = get_response(request)
               ^^^^^^^^^^^^^^^^^^^^^
  File "C:\Users\badli\OneDrive\Desktop\sistem_inteligent_de_gestionare_a_evenimentelor\env\Lib\site-packages\django\core\handlers\base.py", line 197, in _get_response
    response = wrapped_callback(request, *callback_args, **callback_kwargs)
               ^^^^^^^^^^^^^^^^^^^^^^^^^^^^^^^^^^^^^^^^^^^^^^^^^^^^^^^^^^^^
  File "C:\Users\badli\OneDrive\Desktop\sistem_inteligent_de_gestionare_a_evenimentelor\base\views.py", line 132, in home
    return render(request, 'base/home.html', context)
           ^^^^^^^^^^^^^^^^^^^^^^^^^^^^^^^^^^^^^^^^^^
  File "C:\Users\badli\OneDrive\Desktop\sistem_inteligent_de_gestionare_a_evenimentelor\env\Lib\site-packages\django\shortcuts.py", line 25, in render
    content = loader.render_to_string(template_name, context, request, using=using)
              ^^^^^^^^^^^^^^^^^^^^^^^^^^^^^^^^^^^^^^^^^^^^^^^^^^^^^^^^^^^^^^^^^^^^^
  File "C:\Users\badli\OneDrive\Desktop\sistem_inteligent_de_gestionare_a_evenimentelor\env\Lib\site-packages\django\template\loader.py", line 62, in render_to_string
    return template.render(context, request)
           ^^^^^^^^^^^^^^^^^^^^^^^^^^^^^^^^^
  File "C:\Users\badli\OneDrive\Desktop\sistem_inteligent_de_gestionare_a_evenimentelor\env\Lib\site-packages\django\template\backends\django.py", line 109, in render
    reraise(exc, self.backend)
  File "C:\Users\badli\OneDrive\Desktop\sistem_inteligent_de_gestionare_a_evenimentelor\env\Lib\site-packages\django\template\backends\django.py", line 130, in reraise
    raise new from exc
django.template.exceptions.TemplateDoesNotExist: main.html
"GET / HTTP/1.1" 500 144229
Internal Server Error: /
Traceback (most recent call last):
  File "C:\Users\badli\OneDrive\Desktop\sistem_inteligent_de_gestionare_a_evenimentelor\env\Lib\site-packages\django\template\backends\django.py", line 107, in render
    return self.template.render(context)
           ^^^^^^^^^^^^^^^^^^^^^^^^^^^^^
  File "C:\Users\badli\OneDrive\Desktop\sistem_inteligent_de_gestionare_a_evenimentelor\env\Lib\site-packages\django\template\base.py", line 171, in render
    return self._render(context)
           ^^^^^^^^^^^^^^^^^^^^^
  File "C:\Users\badli\OneDrive\Desktop\sistem_inteligent_de_gestionare_a_evenimentelor\env\Lib\site-packages\django\template\base.py", line 163, in _render
    return self.nodelist.render(context)
           ^^^^^^^^^^^^^^^^^^^^^^^^^^^^^
  File "C:\Users\badli\OneDrive\Desktop\sistem_inteligent_de_gestionare_a_evenimentelor\env\Lib\site-packages\django\template\base.py", line 1008, in render
    return SafeString("".join([node.render_annotated(context) for node in self]))
                               ^^^^^^^^^^^^^^^^^^^^^^^^^^^^^^
  File "C:\Users\badli\OneDrive\Desktop\sistem_inteligent_de_gestionare_a_evenimentelor\env\Lib\site-packages\django\template\base.py", line 969, in render_annotated
    return self.render(context)
           ^^^^^^^^^^^^^^^^^^^^
  File "C:\Users\badli\OneDrive\Desktop\sistem_inteligent_de_gestionare_a_evenimentelor\env\Lib\site-packages\django\template\loader_tags.py", line 134, in render
    compiled_parent = self.get_parent(context)
                      ^^^^^^^^^^^^^^^^^^^^^^^^
  File "C:\Users\badli\OneDrive\Desktop\sistem_inteligent_de_gestionare_a_evenimentelor\env\Lib\site-packages\django\template\loader_tags.py", line 131, in get_parent
    return self.find_template(parent, context)
           ^^^^^^^^^^^^^^^^^^^^^^^^^^^^^^^^^^^
  File "C:\Users\badli\OneDrive\Desktop\sistem_inteligent_de_gestionare_a_evenimentelor\env\Lib\site-packages\django\template\loader_tags.py", line 109, in find_template
    template, origin = context.template.engine.find_template(
                       ^^^^^^^^^^^^^^^^^^^^^^^^^^^^^^^^^^^^^^
  File "C:\Users\badli\OneDrive\Desktop\sistem_inteligent_de_gestionare_a_evenimentelor\env\Lib\site-packages\django\template\engine.py", line 163, in find_template
    raise TemplateDoesNotExist(name, tried=tried)
django.template.exceptions.TemplateDoesNotExist: main.html

The above exception was the direct cause of the following exception:

Traceback (most recent call last):
  File "C:\Users\badli\OneDrive\Desktop\sistem_inteligent_de_gestionare_a_evenimentelor\env\Lib\site-packages\django\core\handlers\exception.py", line 55, in inner
    response = get_response(request)
               ^^^^^^^^^^^^^^^^^^^^^
  File "C:\Users\badli\OneDrive\Desktop\sistem_inteligent_de_gestionare_a_evenimentelor\env\Lib\site-packages\django\core\handlers\base.py", line 197, in _get_response
    response = wrapped_callback(request, *callback_args, **callback_kwargs)
               ^^^^^^^^^^^^^^^^^^^^^^^^^^^^^^^^^^^^^^^^^^^^^^^^^^^^^^^^^^^^
  File "C:\Users\badli\OneDrive\Desktop\sistem_inteligent_de_gestionare_a_evenimentelor\base\views.py", line 132, in home
    return render(request, 'base/home.html', context)
           ^^^^^^^^^^^^^^^^^^^^^^^^^^^^^^^^^^^^^^^^^^
  File "C:\Users\badli\OneDrive\Desktop\sistem_inteligent_de_gestionare_a_evenimentelor\env\Lib\site-packages\django\shortcuts.py", line 25, in render
    content = loader.render_to_string(template_name, context, request, using=using)
              ^^^^^^^^^^^^^^^^^^^^^^^^^^^^^^^^^^^^^^^^^^^^^^^^^^^^^^^^^^^^^^^^^^^^^
  File "C:\Users\badli\OneDrive\Desktop\sistem_inteligent_de_gestionare_a_evenimentelor\env\Lib\site-packages\django\template\loader.py", line 62, in render_to_string
    return template.render(context, request)
           ^^^^^^^^^^^^^^^^^^^^^^^^^^^^^^^^^
  File "C:\Users\badli\OneDrive\Desktop\sistem_inteligent_de_gestionare_a_evenimentelor\env\Lib\site-packages\django\template\backends\django.py", line 109, in render
    reraise(exc, self.backend)
  File "C:\Users\badli\OneDrive\Desktop\sistem_inteligent_de_gestionare_a_evenimentelor\env\Lib\site-packages\django\template\backends\django.py", line 130, in reraise
    raise new from exc
django.template.exceptions.TemplateDoesNotExist: main.html
"GET / HTTP/1.1" 500 144229
Internal Server Error: /
Traceback (most recent call last):
  File "C:\Users\badli\OneDrive\Desktop\sistem_inteligent_de_gestionare_a_evenimentelor\env\Lib\site-packages\django\template\backends\django.py", line 107, in render
    return self.template.render(context)
           ^^^^^^^^^^^^^^^^^^^^^^^^^^^^^
  File "C:\Users\badli\OneDrive\Desktop\sistem_inteligent_de_gestionare_a_evenimentelor\env\Lib\site-packages\django\template\base.py", line 171, in render
    return self._render(context)
           ^^^^^^^^^^^^^^^^^^^^^
  File "C:\Users\badli\OneDrive\Desktop\sistem_inteligent_de_gestionare_a_evenimentelor\env\Lib\site-packages\django\template\base.py", line 163, in _render
    return self.nodelist.render(context)
           ^^^^^^^^^^^^^^^^^^^^^^^^^^^^^
  File "C:\Users\badli\OneDrive\Desktop\sistem_inteligent_de_gestionare_a_evenimentelor\env\Lib\site-packages\django\template\base.py", line 1008, in render
    return SafeString("".join([node.render_annotated(context) for node in self]))
                               ^^^^^^^^^^^^^^^^^^^^^^^^^^^^^^
  File "C:\Users\badli\OneDrive\Desktop\sistem_inteligent_de_gestionare_a_evenimentelor\env\Lib\site-packages\django\template\base.py", line 969, in render_annotated
    return self.render(context)
           ^^^^^^^^^^^^^^^^^^^^
  File "C:\Users\badli\OneDrive\Desktop\sistem_inteligent_de_gestionare_a_evenimentelor\env\Lib\site-packages\django\template\loader_tags.py", line 134, in render
    compiled_parent = self.get_parent(context)
                      ^^^^^^^^^^^^^^^^^^^^^^^^
  File "C:\Users\badli\OneDrive\Desktop\sistem_inteligent_de_gestionare_a_evenimentelor\env\Lib\site-packages\django\template\loader_tags.py", line 131, in get_parent
    return self.find_template(parent, context)
           ^^^^^^^^^^^^^^^^^^^^^^^^^^^^^^^^^^^
  File "C:\Users\badli\OneDrive\Desktop\sistem_inteligent_de_gestionare_a_evenimentelor\env\Lib\site-packages\django\template\loader_tags.py", line 109, in find_template
    template, origin = context.template.engine.find_template(
                       ^^^^^^^^^^^^^^^^^^^^^^^^^^^^^^^^^^^^^^
  File "C:\Users\badli\OneDrive\Desktop\sistem_inteligent_de_gestionare_a_evenimentelor\env\Lib\site-packages\django\template\engine.py", line 163, in find_template
    raise TemplateDoesNotExist(name, tried=tried)
django.template.exceptions.TemplateDoesNotExist: main.html

The above exception was the direct cause of the following exception:

Traceback (most recent call last):
  File "C:\Users\badli\OneDrive\Desktop\sistem_inteligent_de_gestionare_a_evenimentelor\env\Lib\site-packages\django\core\handlers\exception.py", line 55, in inner
    response = get_response(request)
               ^^^^^^^^^^^^^^^^^^^^^
  File "C:\Users\badli\OneDrive\Desktop\sistem_inteligent_de_gestionare_a_evenimentelor\env\Lib\site-packages\django\core\handlers\base.py", line 197, in _get_response
    response = wrapped_callback(request, *callback_args, **callback_kwargs)
               ^^^^^^^^^^^^^^^^^^^^^^^^^^^^^^^^^^^^^^^^^^^^^^^^^^^^^^^^^^^^
  File "C:\Users\badli\OneDrive\Desktop\sistem_inteligent_de_gestionare_a_evenimentelor\base\views.py", line 132, in home
    return render(request, 'base/home.html', context)
           ^^^^^^^^^^^^^^^^^^^^^^^^^^^^^^^^^^^^^^^^^^
  File "C:\Users\badli\OneDrive\Desktop\sistem_inteligent_de_gestionare_a_evenimentelor\env\Lib\site-packages\django\shortcuts.py", line 25, in render
    content = loader.render_to_string(template_name, context, request, using=using)
              ^^^^^^^^^^^^^^^^^^^^^^^^^^^^^^^^^^^^^^^^^^^^^^^^^^^^^^^^^^^^^^^^^^^^^
  File "C:\Users\badli\OneDrive\Desktop\sistem_inteligent_de_gestionare_a_evenimentelor\env\Lib\site-packages\django\template\loader.py", line 62, in render_to_string
    return template.render(context, request)
           ^^^^^^^^^^^^^^^^^^^^^^^^^^^^^^^^^
  File "C:\Users\badli\OneDrive\Desktop\sistem_inteligent_de_gestionare_a_evenimentelor\env\Lib\site-packages\django\template\backends\django.py", line 109, in render
    reraise(exc, self.backend)
  File "C:\Users\badli\OneDrive\Desktop\sistem_inteligent_de_gestionare_a_evenimentelor\env\Lib\site-packages\django\template\backends\django.py", line 130, in reraise
    raise new from exc
django.template.exceptions.TemplateDoesNotExist: main.html
"GET / HTTP/1.1" 500 144229
Internal Server Error: /
Traceback (most recent call last):
  File "C:\Users\badli\OneDrive\Desktop\sistem_inteligent_de_gestionare_a_evenimentelor\env\Lib\site-packages\django\template\backends\django.py", line 107, in render
    return self.template.render(context)
           ^^^^^^^^^^^^^^^^^^^^^^^^^^^^^
  File "C:\Users\badli\OneDrive\Desktop\sistem_inteligent_de_gestionare_a_evenimentelor\env\Lib\site-packages\django\template\base.py", line 171, in render
    return self._render(context)
           ^^^^^^^^^^^^^^^^^^^^^
  File "C:\Users\badli\OneDrive\Desktop\sistem_inteligent_de_gestionare_a_evenimentelor\env\Lib\site-packages\django\template\base.py", line 163, in _render
    return self.nodelist.render(context)
           ^^^^^^^^^^^^^^^^^^^^^^^^^^^^^
  File "C:\Users\badli\OneDrive\Desktop\sistem_inteligent_de_gestionare_a_evenimentelor\env\Lib\site-packages\django\template\base.py", line 1008, in render
    return SafeString("".join([node.render_annotated(context) for node in self]))
                               ^^^^^^^^^^^^^^^^^^^^^^^^^^^^^^
  File "C:\Users\badli\OneDrive\Desktop\sistem_inteligent_de_gestionare_a_evenimentelor\env\Lib\site-packages\django\template\base.py", line 969, in render_annotated
    return self.render(context)
           ^^^^^^^^^^^^^^^^^^^^
  File "C:\Users\badli\OneDrive\Desktop\sistem_inteligent_de_gestionare_a_evenimentelor\env\Lib\site-packages\django\template\loader_tags.py", line 134, in render
    compiled_parent = self.get_parent(context)
                      ^^^^^^^^^^^^^^^^^^^^^^^^
  File "C:\Users\badli\OneDrive\Desktop\sistem_inteligent_de_gestionare_a_evenimentelor\env\Lib\site-packages\django\template\loader_tags.py", line 131, in get_parent
    return self.find_template(parent, context)
           ^^^^^^^^^^^^^^^^^^^^^^^^^^^^^^^^^^^
  File "C:\Users\badli\OneDrive\Desktop\sistem_inteligent_de_gestionare_a_evenimentelor\env\Lib\site-packages\django\template\loader_tags.py", line 109, in find_template
    template, origin = context.template.engine.find_template(
                       ^^^^^^^^^^^^^^^^^^^^^^^^^^^^^^^^^^^^^^
  File "C:\Users\badli\OneDrive\Desktop\sistem_inteligent_de_gestionare_a_evenimentelor\env\Lib\site-packages\django\template\engine.py", line 163, in find_template
    raise TemplateDoesNotExist(name, tried=tried)
django.template.exceptions.TemplateDoesNotExist: main.html

The above exception was the direct cause of the following exception:

Traceback (most recent call last):
  File "C:\Users\badli\OneDrive\Desktop\sistem_inteligent_de_gestionare_a_evenimentelor\env\Lib\site-packages\django\core\handlers\exception.py", line 55, in inner
    response = get_response(request)
               ^^^^^^^^^^^^^^^^^^^^^
  File "C:\Users\badli\OneDrive\Desktop\sistem_inteligent_de_gestionare_a_evenimentelor\env\Lib\site-packages\django\core\handlers\base.py", line 197, in _get_response
    response = wrapped_callback(request, *callback_args, **callback_kwargs)
               ^^^^^^^^^^^^^^^^^^^^^^^^^^^^^^^^^^^^^^^^^^^^^^^^^^^^^^^^^^^^
  File "C:\Users\badli\OneDrive\Desktop\sistem_inteligent_de_gestionare_a_evenimentelor\base\views.py", line 132, in home
    return render(request, 'base/home.html', context)
           ^^^^^^^^^^^^^^^^^^^^^^^^^^^^^^^^^^^^^^^^^^
  File "C:\Users\badli\OneDrive\Desktop\sistem_inteligent_de_gestionare_a_evenimentelor\env\Lib\site-packages\django\shortcuts.py", line 25, in render
    content = loader.render_to_string(template_name, context, request, using=using)
              ^^^^^^^^^^^^^^^^^^^^^^^^^^^^^^^^^^^^^^^^^^^^^^^^^^^^^^^^^^^^^^^^^^^^^
  File "C:\Users\badli\OneDrive\Desktop\sistem_inteligent_de_gestionare_a_evenimentelor\env\Lib\site-packages\django\template\loader.py", line 62, in render_to_string
    return template.render(context, request)
           ^^^^^^^^^^^^^^^^^^^^^^^^^^^^^^^^^
  File "C:\Users\badli\OneDrive\Desktop\sistem_inteligent_de_gestionare_a_evenimentelor\env\Lib\site-packages\django\template\backends\django.py", line 109, in render
    reraise(exc, self.backend)
  File "C:\Users\badli\OneDrive\Desktop\sistem_inteligent_de_gestionare_a_evenimentelor\env\Lib\site-packages\django\template\backends\django.py", line 130, in reraise
    raise new from exc
django.template.exceptions.TemplateDoesNotExist: main.html
"GET / HTTP/1.1" 500 144229
Internal Server Error: /
Traceback (most recent call last):
  File "C:\Users\badli\OneDrive\Desktop\sistem_inteligent_de_gestionare_a_evenimentelor\env\Lib\site-packages\django\template\backends\django.py", line 107, in render
    return self.template.render(context)
           ^^^^^^^^^^^^^^^^^^^^^^^^^^^^^
  File "C:\Users\badli\OneDrive\Desktop\sistem_inteligent_de_gestionare_a_evenimentelor\env\Lib\site-packages\django\template\base.py", line 171, in render
    return self._render(context)
           ^^^^^^^^^^^^^^^^^^^^^
  File "C:\Users\badli\OneDrive\Desktop\sistem_inteligent_de_gestionare_a_evenimentelor\env\Lib\site-packages\django\template\base.py", line 163, in _render
    return self.nodelist.render(context)
           ^^^^^^^^^^^^^^^^^^^^^^^^^^^^^
  File "C:\Users\badli\OneDrive\Desktop\sistem_inteligent_de_gestionare_a_evenimentelor\env\Lib\site-packages\django\template\base.py", line 1008, in render
    return SafeString("".join([node.render_annotated(context) for node in self]))
                               ^^^^^^^^^^^^^^^^^^^^^^^^^^^^^^
  File "C:\Users\badli\OneDrive\Desktop\sistem_inteligent_de_gestionare_a_evenimentelor\env\Lib\site-packages\django\template\base.py", line 969, in render_annotated
    return self.render(context)
           ^^^^^^^^^^^^^^^^^^^^
  File "C:\Users\badli\OneDrive\Desktop\sistem_inteligent_de_gestionare_a_evenimentelor\env\Lib\site-packages\django\template\loader_tags.py", line 134, in render
    compiled_parent = self.get_parent(context)
                      ^^^^^^^^^^^^^^^^^^^^^^^^
  File "C:\Users\badli\OneDrive\Desktop\sistem_inteligent_de_gestionare_a_evenimentelor\env\Lib\site-packages\django\template\loader_tags.py", line 131, in get_parent
    return self.find_template(parent, context)
           ^^^^^^^^^^^^^^^^^^^^^^^^^^^^^^^^^^^
  File "C:\Users\badli\OneDrive\Desktop\sistem_inteligent_de_gestionare_a_evenimentelor\env\Lib\site-packages\django\template\loader_tags.py", line 109, in find_template
    template, origin = context.template.engine.find_template(
                       ^^^^^^^^^^^^^^^^^^^^^^^^^^^^^^^^^^^^^^
  File "C:\Users\badli\OneDrive\Desktop\sistem_inteligent_de_gestionare_a_evenimentelor\env\Lib\site-packages\django\template\engine.py", line 163, in find_template
    raise TemplateDoesNotExist(name, tried=tried)
django.template.exceptions.TemplateDoesNotExist: main.html

The above exception was the direct cause of the following exception:

Traceback (most recent call last):
  File "C:\Users\badli\OneDrive\Desktop\sistem_inteligent_de_gestionare_a_evenimentelor\env\Lib\site-packages\django\core\handlers\exception.py", line 55, in inner
    response = get_response(request)
               ^^^^^^^^^^^^^^^^^^^^^
  File "C:\Users\badli\OneDrive\Desktop\sistem_inteligent_de_gestionare_a_evenimentelor\env\Lib\site-packages\django\core\handlers\base.py", line 197, in _get_response
    response = wrapped_callback(request, *callback_args, **callback_kwargs)
               ^^^^^^^^^^^^^^^^^^^^^^^^^^^^^^^^^^^^^^^^^^^^^^^^^^^^^^^^^^^^
  File "C:\Users\badli\OneDrive\Desktop\sistem_inteligent_de_gestionare_a_evenimentelor\base\views.py", line 132, in home
    return render(request, 'base/home.html', context)
           ^^^^^^^^^^^^^^^^^^^^^^^^^^^^^^^^^^^^^^^^^^
  File "C:\Users\badli\OneDrive\Desktop\sistem_inteligent_de_gestionare_a_evenimentelor\env\Lib\site-packages\django\shortcuts.py", line 25, in render
    content = loader.render_to_string(template_name, context, request, using=using)
              ^^^^^^^^^^^^^^^^^^^^^^^^^^^^^^^^^^^^^^^^^^^^^^^^^^^^^^^^^^^^^^^^^^^^^
  File "C:\Users\badli\OneDrive\Desktop\sistem_inteligent_de_gestionare_a_evenimentelor\env\Lib\site-packages\django\template\loader.py", line 62, in render_to_string
    return template.render(context, request)
           ^^^^^^^^^^^^^^^^^^^^^^^^^^^^^^^^^
  File "C:\Users\badli\OneDrive\Desktop\sistem_inteligent_de_gestionare_a_evenimentelor\env\Lib\site-packages\django\template\backends\django.py", line 109, in render
    reraise(exc, self.backend)
  File "C:\Users\badli\OneDrive\Desktop\sistem_inteligent_de_gestionare_a_evenimentelor\env\Lib\site-packages\django\template\backends\django.py", line 130, in reraise
    raise new from exc
django.template.exceptions.TemplateDoesNotExist: main.html
"GET / HTTP/1.1" 500 144229
Internal Server Error: /
Traceback (most recent call last):
  File "C:\Users\badli\OneDrive\Desktop\sistem_inteligent_de_gestionare_a_evenimentelor\env\Lib\site-packages\django\template\backends\django.py", line 107, in render
    return self.template.render(context)
           ^^^^^^^^^^^^^^^^^^^^^^^^^^^^^
  File "C:\Users\badli\OneDrive\Desktop\sistem_inteligent_de_gestionare_a_evenimentelor\env\Lib\site-packages\django\template\base.py", line 171, in render
    return self._render(context)
           ^^^^^^^^^^^^^^^^^^^^^
  File "C:\Users\badli\OneDrive\Desktop\sistem_inteligent_de_gestionare_a_evenimentelor\env\Lib\site-packages\django\template\base.py", line 163, in _render
    return self.nodelist.render(context)
           ^^^^^^^^^^^^^^^^^^^^^^^^^^^^^
  File "C:\Users\badli\OneDrive\Desktop\sistem_inteligent_de_gestionare_a_evenimentelor\env\Lib\site-packages\django\template\base.py", line 1008, in render
    return SafeString("".join([node.render_annotated(context) for node in self]))
                               ^^^^^^^^^^^^^^^^^^^^^^^^^^^^^^
  File "C:\Users\badli\OneDrive\Desktop\sistem_inteligent_de_gestionare_a_evenimentelor\env\Lib\site-packages\django\template\base.py", line 969, in render_annotated
    return self.render(context)
           ^^^^^^^^^^^^^^^^^^^^
  File "C:\Users\badli\OneDrive\Desktop\sistem_inteligent_de_gestionare_a_evenimentelor\env\Lib\site-packages\django\template\loader_tags.py", line 134, in render
    compiled_parent = self.get_parent(context)
                      ^^^^^^^^^^^^^^^^^^^^^^^^
  File "C:\Users\badli\OneDrive\Desktop\sistem_inteligent_de_gestionare_a_evenimentelor\env\Lib\site-packages\django\template\loader_tags.py", line 131, in get_parent
    return self.find_template(parent, context)
           ^^^^^^^^^^^^^^^^^^^^^^^^^^^^^^^^^^^
  File "C:\Users\badli\OneDrive\Desktop\sistem_inteligent_de_gestionare_a_evenimentelor\env\Lib\site-packages\django\template\loader_tags.py", line 109, in find_template
    template, origin = context.template.engine.find_template(
                       ^^^^^^^^^^^^^^^^^^^^^^^^^^^^^^^^^^^^^^
  File "C:\Users\badli\OneDrive\Desktop\sistem_inteligent_de_gestionare_a_evenimentelor\env\Lib\site-packages\django\template\engine.py", line 163, in find_template
    raise TemplateDoesNotExist(name, tried=tried)
django.template.exceptions.TemplateDoesNotExist: main.html

The above exception was the direct cause of the following exception:

Traceback (most recent call last):
  File "C:\Users\badli\OneDrive\Desktop\sistem_inteligent_de_gestionare_a_evenimentelor\env\Lib\site-packages\django\core\handlers\exception.py", line 55, in inner
    response = get_response(request)
               ^^^^^^^^^^^^^^^^^^^^^
  File "C:\Users\badli\OneDrive\Desktop\sistem_inteligent_de_gestionare_a_evenimentelor\env\Lib\site-packages\django\core\handlers\base.py", line 197, in _get_response
    response = wrapped_callback(request, *callback_args, **callback_kwargs)
               ^^^^^^^^^^^^^^^^^^^^^^^^^^^^^^^^^^^^^^^^^^^^^^^^^^^^^^^^^^^^
  File "C:\Users\badli\OneDrive\Desktop\sistem_inteligent_de_gestionare_a_evenimentelor\base\views.py", line 132, in home
    return render(request, 'base/home.html', context)
           ^^^^^^^^^^^^^^^^^^^^^^^^^^^^^^^^^^^^^^^^^^
  File "C:\Users\badli\OneDrive\Desktop\sistem_inteligent_de_gestionare_a_evenimentelor\env\Lib\site-packages\django\shortcuts.py", line 25, in render
    content = loader.render_to_string(template_name, context, request, using=using)
              ^^^^^^^^^^^^^^^^^^^^^^^^^^^^^^^^^^^^^^^^^^^^^^^^^^^^^^^^^^^^^^^^^^^^^
  File "C:\Users\badli\OneDrive\Desktop\sistem_inteligent_de_gestionare_a_evenimentelor\env\Lib\site-packages\django\template\loader.py", line 62, in render_to_string
    return template.render(context, request)
           ^^^^^^^^^^^^^^^^^^^^^^^^^^^^^^^^^
  File "C:\Users\badli\OneDrive\Desktop\sistem_inteligent_de_gestionare_a_evenimentelor\env\Lib\site-packages\django\template\backends\django.py", line 109, in render
    reraise(exc, self.backend)
  File "C:\Users\badli\OneDrive\Desktop\sistem_inteligent_de_gestionare_a_evenimentelor\env\Lib\site-packages\django\template\backends\django.py", line 130, in reraise
    raise new from exc
django.template.exceptions.TemplateDoesNotExist: main.html
"GET / HTTP/1.1" 500 144229
Internal Server Error: /
Traceback (most recent call last):
  File "C:\Users\badli\OneDrive\Desktop\sistem_inteligent_de_gestionare_a_evenimentelor\env\Lib\site-packages\django\core\handlers\exception.py", line 55, in inner
    response = get_response(request)
               ^^^^^^^^^^^^^^^^^^^^^
  File "C:\Users\badli\OneDrive\Desktop\sistem_inteligent_de_gestionare_a_evenimentelor\env\Lib\site-packages\django\core\handlers\base.py", line 197, in _get_response
    response = wrapped_callback(request, *callback_args, **callback_kwargs)
               ^^^^^^^^^^^^^^^^^^^^^^^^^^^^^^^^^^^^^^^^^^^^^^^^^^^^^^^^^^^^
  File "C:\Users\badli\OneDrive\Desktop\sistem_inteligent_de_gestionare_a_evenimentelor\base\views.py", line 132, in home
    return render(request, 'base/home.html', context)
           ^^^^^^^^^^^^^^^^^^^^^^^^^^^^^^^^^^^^^^^^^^
  File "C:\Users\badli\OneDrive\Desktop\sistem_inteligent_de_gestionare_a_evenimentelor\env\Lib\site-packages\django\shortcuts.py", line 25, in render
    content = loader.render_to_string(template_name, context, request, using=using)
              ^^^^^^^^^^^^^^^^^^^^^^^^^^^^^^^^^^^^^^^^^^^^^^^^^^^^^^^^^^^^^^^^^^^^^
  File "C:\Users\badli\OneDrive\Desktop\sistem_inteligent_de_gestionare_a_evenimentelor\env\Lib\site-packages\django\template\loader.py", line 61, in render_to_string
    template = get_template(template_name, using=using)
               ^^^^^^^^^^^^^^^^^^^^^^^^^^^^^^^^^^^^^^^^
  File "C:\Users\badli\OneDrive\Desktop\sistem_inteligent_de_gestionare_a_evenimentelor\env\Lib\site-packages\django\template\loader.py", line 15, in get_template
    return engine.get_template(template_name)
           ^^^^^^^^^^^^^^^^^^^^^^^^^^^^^^^^^^
  File "C:\Users\badli\OneDrive\Desktop\sistem_inteligent_de_gestionare_a_evenimentelor\env\Lib\site-packages\django\template\backends\django.py", line 79, in get_template
    return Template(self.engine.get_template(template_name), self)
                    ^^^^^^^^^^^^^^^^^^^^^^^^^^^^^^^^^^^^^^^
  File "C:\Users\badli\OneDrive\Desktop\sistem_inteligent_de_gestionare_a_evenimentelor\env\Lib\site-packages\django\template\engine.py", line 177, in get_template
    template, origin = self.find_template(template_name)
                       ^^^^^^^^^^^^^^^^^^^^^^^^^^^^^^^^^
  File "C:\Users\badli\OneDrive\Desktop\sistem_inteligent_de_gestionare_a_evenimentelor\env\Lib\site-packages\django\template\engine.py", line 159, in find_template
    template = loader.get_template(name, skip=skip)
               ^^^^^^^^^^^^^^^^^^^^^^^^^^^^^^^^^^^^
  File "C:\Users\badli\OneDrive\Desktop\sistem_inteligent_de_gestionare_a_evenimentelor\env\Lib\site-packages\django\template\loaders\cached.py", line 57, in get_template
    template = super().get_template(template_name, skip)
               ^^^^^^^^^^^^^^^^^^^^^^^^^^^^^^^^^^^^^^^^^
  File "C:\Users\badli\OneDrive\Desktop\sistem_inteligent_de_gestionare_a_evenimentelor\env\Lib\site-packages\django\template\loaders\base.py", line 28, in get_template
    return Template(
           ^^^^^^^^^
  File "C:\Users\badli\OneDrive\Desktop\sistem_inteligent_de_gestionare_a_evenimentelor\env\Lib\site-packages\django\template\base.py", line 154, in __init__
    self.nodelist = self.compile_nodelist()
                    ^^^^^^^^^^^^^^^^^^^^^^^
  File "C:\Users\badli\OneDrive\Desktop\sistem_inteligent_de_gestionare_a_evenimentelor\env\Lib\site-packages\django\template\base.py", line 196, in compile_nodelist
    nodelist = parser.parse()
               ^^^^^^^^^^^^^^
  File "C:\Users\badli\OneDrive\Desktop\sistem_inteligent_de_gestionare_a_evenimentelor\env\Lib\site-packages\django\template\base.py", line 518, in parse
    raise self.error(token, e)
  File "C:\Users\badli\OneDrive\Desktop\sistem_inteligent_de_gestionare_a_evenimentelor\env\Lib\site-packages\django\template\base.py", line 516, in parse
    compiled_result = compile_func(self, token)
                      ^^^^^^^^^^^^^^^^^^^^^^^^^
  File "C:\Users\badli\OneDrive\Desktop\sistem_inteligent_de_gestionare_a_evenimentelor\env\Lib\site-packages\django\template\loader_tags.py", line 293, in do_extends
    bits[1] = construct_relative_path(parser.origin.template_name, bits[1])
              ^^^^^^^^^^^^^^^^^^^^^^^^^^^^^^^^^^^^^^^^^^^^^^^^^^^^^^^^^^^^^
  File "C:\Users\badli\OneDrive\Desktop\sistem_inteligent_de_gestionare_a_evenimentelor\env\Lib\site-packages\django\template\loader_tags.py", line 263, in construct_relative_path
    raise TemplateSyntaxError(
django.template.exceptions.TemplateSyntaxError: The relative path ''../../main.html'' points outside the file hierarchy that template 'base/home.html' is in.
"GET / HTTP/1.1" 500 169732
Internal Server Error: /
Traceback (most recent call last):
  File "C:\Users\badli\OneDrive\Desktop\sistem_inteligent_de_gestionare_a_evenimentelor\env\Lib\site-packages\django\core\handlers\exception.py", line 55, in inner
    response = get_response(request)
               ^^^^^^^^^^^^^^^^^^^^^
  File "C:\Users\badli\OneDrive\Desktop\sistem_inteligent_de_gestionare_a_evenimentelor\env\Lib\site-packages\django\core\handlers\base.py", line 197, in _get_response
    response = wrapped_callback(request, *callback_args, **callback_kwargs)
               ^^^^^^^^^^^^^^^^^^^^^^^^^^^^^^^^^^^^^^^^^^^^^^^^^^^^^^^^^^^^
  File "C:\Users\badli\OneDrive\Desktop\sistem_inteligent_de_gestionare_a_evenimentelor\base\views.py", line 132, in home
    return render(request, 'base/home.html', context)
           ^^^^^^^^^^^^^^^^^^^^^^^^^^^^^^^^^^^^^^^^^^
  File "C:\Users\badli\OneDrive\Desktop\sistem_inteligent_de_gestionare_a_evenimentelor\env\Lib\site-packages\django\shortcuts.py", line 25, in render
    content = loader.render_to_string(template_name, context, request, using=using)
              ^^^^^^^^^^^^^^^^^^^^^^^^^^^^^^^^^^^^^^^^^^^^^^^^^^^^^^^^^^^^^^^^^^^^^
  File "C:\Users\badli\OneDrive\Desktop\sistem_inteligent_de_gestionare_a_evenimentelor\env\Lib\site-packages\django\template\loader.py", line 61, in render_to_string
    template = get_template(template_name, using=using)
               ^^^^^^^^^^^^^^^^^^^^^^^^^^^^^^^^^^^^^^^^
  File "C:\Users\badli\OneDrive\Desktop\sistem_inteligent_de_gestionare_a_evenimentelor\env\Lib\site-packages\django\template\loader.py", line 15, in get_template
    return engine.get_template(template_name)
           ^^^^^^^^^^^^^^^^^^^^^^^^^^^^^^^^^^
  File "C:\Users\badli\OneDrive\Desktop\sistem_inteligent_de_gestionare_a_evenimentelor\env\Lib\site-packages\django\template\backends\django.py", line 79, in get_template
    return Template(self.engine.get_template(template_name), self)
                    ^^^^^^^^^^^^^^^^^^^^^^^^^^^^^^^^^^^^^^^
  File "C:\Users\badli\OneDrive\Desktop\sistem_inteligent_de_gestionare_a_evenimentelor\env\Lib\site-packages\django\template\engine.py", line 177, in get_template
    template, origin = self.find_template(template_name)
                       ^^^^^^^^^^^^^^^^^^^^^^^^^^^^^^^^^
  File "C:\Users\badli\OneDrive\Desktop\sistem_inteligent_de_gestionare_a_evenimentelor\env\Lib\site-packages\django\template\engine.py", line 159, in find_template
    template = loader.get_template(name, skip=skip)
               ^^^^^^^^^^^^^^^^^^^^^^^^^^^^^^^^^^^^
  File "C:\Users\badli\OneDrive\Desktop\sistem_inteligent_de_gestionare_a_evenimentelor\env\Lib\site-packages\django\template\loaders\cached.py", line 57, in get_template
    template = super().get_template(template_name, skip)
               ^^^^^^^^^^^^^^^^^^^^^^^^^^^^^^^^^^^^^^^^^
  File "C:\Users\badli\OneDrive\Desktop\sistem_inteligent_de_gestionare_a_evenimentelor\env\Lib\site-packages\django\template\loaders\base.py", line 28, in get_template
    return Template(
           ^^^^^^^^^
  File "C:\Users\badli\OneDrive\Desktop\sistem_inteligent_de_gestionare_a_evenimentelor\env\Lib\site-packages\django\template\base.py", line 154, in __init__
    self.nodelist = self.compile_nodelist()
                    ^^^^^^^^^^^^^^^^^^^^^^^
  File "C:\Users\badli\OneDrive\Desktop\sistem_inteligent_de_gestionare_a_evenimentelor\env\Lib\site-packages\django\template\base.py", line 196, in compile_nodelist
    nodelist = parser.parse()
               ^^^^^^^^^^^^^^
  File "C:\Users\badli\OneDrive\Desktop\sistem_inteligent_de_gestionare_a_evenimentelor\env\Lib\site-packages\django\template\base.py", line 518, in parse
    raise self.error(token, e)
  File "C:\Users\badli\OneDrive\Desktop\sistem_inteligent_de_gestionare_a_evenimentelor\env\Lib\site-packages\django\template\base.py", line 516, in parse
    compiled_result = compile_func(self, token)
                      ^^^^^^^^^^^^^^^^^^^^^^^^^
  File "C:\Users\badli\OneDrive\Desktop\sistem_inteligent_de_gestionare_a_evenimentelor\env\Lib\site-packages\django\template\loader_tags.py", line 293, in do_extends
    bits[1] = construct_relative_path(parser.origin.template_name, bits[1])
              ^^^^^^^^^^^^^^^^^^^^^^^^^^^^^^^^^^^^^^^^^^^^^^^^^^^^^^^^^^^^^
  File "C:\Users\badli\OneDrive\Desktop\sistem_inteligent_de_gestionare_a_evenimentelor\env\Lib\site-packages\django\template\loader_tags.py", line 263, in construct_relative_path
    raise TemplateSyntaxError(
django.template.exceptions.TemplateSyntaxError: The relative path ''../../main.html'' points outside the file hierarchy that template 'base/home.html' is in.
"GET / HTTP/1.1" 500 169732
Internal Server Error: /
Traceback (most recent call last):
  File "C:\Users\badli\OneDrive\Desktop\sistem_inteligent_de_gestionare_a_evenimentelor\env\Lib\site-packages\django\core\handlers\exception.py", line 55, in inner
    response = get_response(request)
               ^^^^^^^^^^^^^^^^^^^^^
  File "C:\Users\badli\OneDrive\Desktop\sistem_inteligent_de_gestionare_a_evenimentelor\env\Lib\site-packages\django\core\handlers\base.py", line 197, in _get_response
    response = wrapped_callback(request, *callback_args, **callback_kwargs)
               ^^^^^^^^^^^^^^^^^^^^^^^^^^^^^^^^^^^^^^^^^^^^^^^^^^^^^^^^^^^^
  File "C:\Users\badli\OneDrive\Desktop\sistem_inteligent_de_gestionare_a_evenimentelor\base\views.py", line 132, in home
    return render(request, 'base/home.html', context)
           ^^^^^^^^^^^^^^^^^^^^^^^^^^^^^^^^^^^^^^^^^^
  File "C:\Users\badli\OneDrive\Desktop\sistem_inteligent_de_gestionare_a_evenimentelor\env\Lib\site-packages\django\shortcuts.py", line 25, in render
    content = loader.render_to_string(template_name, context, request, using=using)
              ^^^^^^^^^^^^^^^^^^^^^^^^^^^^^^^^^^^^^^^^^^^^^^^^^^^^^^^^^^^^^^^^^^^^^
  File "C:\Users\badli\OneDrive\Desktop\sistem_inteligent_de_gestionare_a_evenimentelor\env\Lib\site-packages\django\template\loader.py", line 61, in render_to_string
    template = get_template(template_name, using=using)
               ^^^^^^^^^^^^^^^^^^^^^^^^^^^^^^^^^^^^^^^^
  File "C:\Users\badli\OneDrive\Desktop\sistem_inteligent_de_gestionare_a_evenimentelor\env\Lib\site-packages\django\template\loader.py", line 15, in get_template
    return engine.get_template(template_name)
           ^^^^^^^^^^^^^^^^^^^^^^^^^^^^^^^^^^
  File "C:\Users\badli\OneDrive\Desktop\sistem_inteligent_de_gestionare_a_evenimentelor\env\Lib\site-packages\django\template\backends\django.py", line 79, in get_template
    return Template(self.engine.get_template(template_name), self)
                    ^^^^^^^^^^^^^^^^^^^^^^^^^^^^^^^^^^^^^^^
  File "C:\Users\badli\OneDrive\Desktop\sistem_inteligent_de_gestionare_a_evenimentelor\env\Lib\site-packages\django\template\engine.py", line 177, in get_template
    template, origin = self.find_template(template_name)
                       ^^^^^^^^^^^^^^^^^^^^^^^^^^^^^^^^^
  File "C:\Users\badli\OneDrive\Desktop\sistem_inteligent_de_gestionare_a_evenimentelor\env\Lib\site-packages\django\template\engine.py", line 159, in find_template
    template = loader.get_template(name, skip=skip)
               ^^^^^^^^^^^^^^^^^^^^^^^^^^^^^^^^^^^^
  File "C:\Users\badli\OneDrive\Desktop\sistem_inteligent_de_gestionare_a_evenimentelor\env\Lib\site-packages\django\template\loaders\cached.py", line 57, in get_template
    template = super().get_template(template_name, skip)
               ^^^^^^^^^^^^^^^^^^^^^^^^^^^^^^^^^^^^^^^^^
  File "C:\Users\badli\OneDrive\Desktop\sistem_inteligent_de_gestionare_a_evenimentelor\env\Lib\site-packages\django\template\loaders\base.py", line 28, in get_template
    return Template(
           ^^^^^^^^^
  File "C:\Users\badli\OneDrive\Desktop\sistem_inteligent_de_gestionare_a_evenimentelor\env\Lib\site-packages\django\template\base.py", line 154, in __init__
    self.nodelist = self.compile_nodelist()
                    ^^^^^^^^^^^^^^^^^^^^^^^
  File "C:\Users\badli\OneDrive\Desktop\sistem_inteligent_de_gestionare_a_evenimentelor\env\Lib\site-packages\django\template\base.py", line 196, in compile_nodelist
    nodelist = parser.parse()
               ^^^^^^^^^^^^^^
  File "C:\Users\badli\OneDrive\Desktop\sistem_inteligent_de_gestionare_a_evenimentelor\env\Lib\site-packages\django\template\base.py", line 518, in parse
    raise self.error(token, e)
  File "C:\Users\badli\OneDrive\Desktop\sistem_inteligent_de_gestionare_a_evenimentelor\env\Lib\site-packages\django\template\base.py", line 516, in parse
    compiled_result = compile_func(self, token)
                      ^^^^^^^^^^^^^^^^^^^^^^^^^
  File "C:\Users\badli\OneDrive\Desktop\sistem_inteligent_de_gestionare_a_evenimentelor\env\Lib\site-packages\django\template\loader_tags.py", line 293, in do_extends
    bits[1] = construct_relative_path(parser.origin.template_name, bits[1])
              ^^^^^^^^^^^^^^^^^^^^^^^^^^^^^^^^^^^^^^^^^^^^^^^^^^^^^^^^^^^^^
  File "C:\Users\badli\OneDrive\Desktop\sistem_inteligent_de_gestionare_a_evenimentelor\env\Lib\site-packages\django\template\loader_tags.py", line 263, in construct_relative_path
    raise TemplateSyntaxError(
django.template.exceptions.TemplateSyntaxError: The relative path ''../../main.html'' points outside the file hierarchy that template 'base/home.html' is in.
"GET / HTTP/1.1" 500 169732
Internal Server Error: /
Traceback (most recent call last):
  File "C:\Users\badli\OneDrive\Desktop\sistem_inteligent_de_gestionare_a_evenimentelor\env\Lib\site-packages\django\template\backends\django.py", line 107, in render
    return self.template.render(context)
           ^^^^^^^^^^^^^^^^^^^^^^^^^^^^^
  File "C:\Users\badli\OneDrive\Desktop\sistem_inteligent_de_gestionare_a_evenimentelor\env\Lib\site-packages\django\template\base.py", line 171, in render
    return self._render(context)
           ^^^^^^^^^^^^^^^^^^^^^
  File "C:\Users\badli\OneDrive\Desktop\sistem_inteligent_de_gestionare_a_evenimentelor\env\Lib\site-packages\django\template\base.py", line 163, in _render
    return self.nodelist.render(context)
           ^^^^^^^^^^^^^^^^^^^^^^^^^^^^^
  File "C:\Users\badli\OneDrive\Desktop\sistem_inteligent_de_gestionare_a_evenimentelor\env\Lib\site-packages\django\template\base.py", line 1008, in render
    return SafeString("".join([node.render_annotated(context) for node in self]))
                               ^^^^^^^^^^^^^^^^^^^^^^^^^^^^^^
  File "C:\Users\badli\OneDrive\Desktop\sistem_inteligent_de_gestionare_a_evenimentelor\env\Lib\site-packages\django\template\base.py", line 969, in render_annotated
    return self.render(context)
           ^^^^^^^^^^^^^^^^^^^^
  File "C:\Users\badli\OneDrive\Desktop\sistem_inteligent_de_gestionare_a_evenimentelor\env\Lib\site-packages\django\template\loader_tags.py", line 134, in render
    compiled_parent = self.get_parent(context)
                      ^^^^^^^^^^^^^^^^^^^^^^^^
  File "C:\Users\badli\OneDrive\Desktop\sistem_inteligent_de_gestionare_a_evenimentelor\env\Lib\site-packages\django\template\loader_tags.py", line 131, in get_parent
    return self.find_template(parent, context)
           ^^^^^^^^^^^^^^^^^^^^^^^^^^^^^^^^^^^
  File "C:\Users\badli\OneDrive\Desktop\sistem_inteligent_de_gestionare_a_evenimentelor\env\Lib\site-packages\django\template\loader_tags.py", line 109, in find_template
    template, origin = context.template.engine.find_template(
                       ^^^^^^^^^^^^^^^^^^^^^^^^^^^^^^^^^^^^^^
  File "C:\Users\badli\OneDrive\Desktop\sistem_inteligent_de_gestionare_a_evenimentelor\env\Lib\site-packages\django\template\engine.py", line 163, in find_template
    raise TemplateDoesNotExist(name, tried=tried)
django.template.exceptions.TemplateDoesNotExist: main.html

The above exception was the direct cause of the following exception:

Traceback (most recent call last):
  File "C:\Users\badli\OneDrive\Desktop\sistem_inteligent_de_gestionare_a_evenimentelor\env\Lib\site-packages\django\core\handlers\exception.py", line 55, in inner
    response = get_response(request)
               ^^^^^^^^^^^^^^^^^^^^^
  File "C:\Users\badli\OneDrive\Desktop\sistem_inteligent_de_gestionare_a_evenimentelor\env\Lib\site-packages\django\core\handlers\base.py", line 197, in _get_response
    response = wrapped_callback(request, *callback_args, **callback_kwargs)
               ^^^^^^^^^^^^^^^^^^^^^^^^^^^^^^^^^^^^^^^^^^^^^^^^^^^^^^^^^^^^
  File "C:\Users\badli\OneDrive\Desktop\sistem_inteligent_de_gestionare_a_evenimentelor\base\views.py", line 132, in home
    return render(request, 'base/home.html', context)
           ^^^^^^^^^^^^^^^^^^^^^^^^^^^^^^^^^^^^^^^^^^
  File "C:\Users\badli\OneDrive\Desktop\sistem_inteligent_de_gestionare_a_evenimentelor\env\Lib\site-packages\django\shortcuts.py", line 25, in render
    content = loader.render_to_string(template_name, context, request, using=using)
              ^^^^^^^^^^^^^^^^^^^^^^^^^^^^^^^^^^^^^^^^^^^^^^^^^^^^^^^^^^^^^^^^^^^^^
  File "C:\Users\badli\OneDrive\Desktop\sistem_inteligent_de_gestionare_a_evenimentelor\env\Lib\site-packages\django\template\loader.py", line 62, in render_to_string
    return template.render(context, request)
           ^^^^^^^^^^^^^^^^^^^^^^^^^^^^^^^^^
  File "C:\Users\badli\OneDrive\Desktop\sistem_inteligent_de_gestionare_a_evenimentelor\env\Lib\site-packages\django\template\backends\django.py", line 109, in render
    reraise(exc, self.backend)
  File "C:\Users\badli\OneDrive\Desktop\sistem_inteligent_de_gestionare_a_evenimentelor\env\Lib\site-packages\django\template\backends\django.py", line 130, in reraise
    raise new from exc
django.template.exceptions.TemplateDoesNotExist: main.html
"GET / HTTP/1.1" 500 144223
Internal Server Error: /
Traceback (most recent call last):
  File "C:\Users\badli\OneDrive\Desktop\sistem_inteligent_de_gestionare_a_evenimentelor\env\Lib\site-packages\django\template\backends\django.py", line 107, in render
    return self.template.render(context)
           ^^^^^^^^^^^^^^^^^^^^^^^^^^^^^
  File "C:\Users\badli\OneDrive\Desktop\sistem_inteligent_de_gestionare_a_evenimentelor\env\Lib\site-packages\django\template\base.py", line 171, in render
    return self._render(context)
           ^^^^^^^^^^^^^^^^^^^^^
  File "C:\Users\badli\OneDrive\Desktop\sistem_inteligent_de_gestionare_a_evenimentelor\env\Lib\site-packages\django\template\base.py", line 163, in _render
    return self.nodelist.render(context)
           ^^^^^^^^^^^^^^^^^^^^^^^^^^^^^
  File "C:\Users\badli\OneDrive\Desktop\sistem_inteligent_de_gestionare_a_evenimentelor\env\Lib\site-packages\django\template\base.py", line 1008, in render
    return SafeString("".join([node.render_annotated(context) for node in self]))
                               ^^^^^^^^^^^^^^^^^^^^^^^^^^^^^^
  File "C:\Users\badli\OneDrive\Desktop\sistem_inteligent_de_gestionare_a_evenimentelor\env\Lib\site-packages\django\template\base.py", line 969, in render_annotated
    return self.render(context)
           ^^^^^^^^^^^^^^^^^^^^
  File "C:\Users\badli\OneDrive\Desktop\sistem_inteligent_de_gestionare_a_evenimentelor\env\Lib\site-packages\django\template\loader_tags.py", line 134, in render
    compiled_parent = self.get_parent(context)
                      ^^^^^^^^^^^^^^^^^^^^^^^^
  File "C:\Users\badli\OneDrive\Desktop\sistem_inteligent_de_gestionare_a_evenimentelor\env\Lib\site-packages\django\template\loader_tags.py", line 131, in get_parent
    return self.find_template(parent, context)
           ^^^^^^^^^^^^^^^^^^^^^^^^^^^^^^^^^^^
  File "C:\Users\badli\OneDrive\Desktop\sistem_inteligent_de_gestionare_a_evenimentelor\env\Lib\site-packages\django\template\loader_tags.py", line 109, in find_template
    template, origin = context.template.engine.find_template(
                       ^^^^^^^^^^^^^^^^^^^^^^^^^^^^^^^^^^^^^^
  File "C:\Users\badli\OneDrive\Desktop\sistem_inteligent_de_gestionare_a_evenimentelor\env\Lib\site-packages\django\template\engine.py", line 163, in find_template
    raise TemplateDoesNotExist(name, tried=tried)
django.template.exceptions.TemplateDoesNotExist: main.html

The above exception was the direct cause of the following exception:

Traceback (most recent call last):
  File "C:\Users\badli\OneDrive\Desktop\sistem_inteligent_de_gestionare_a_evenimentelor\env\Lib\site-packages\django\core\handlers\exception.py", line 55, in inner
    response = get_response(request)
               ^^^^^^^^^^^^^^^^^^^^^
  File "C:\Users\badli\OneDrive\Desktop\sistem_inteligent_de_gestionare_a_evenimentelor\env\Lib\site-packages\django\core\handlers\base.py", line 197, in _get_response
    response = wrapped_callback(request, *callback_args, **callback_kwargs)
               ^^^^^^^^^^^^^^^^^^^^^^^^^^^^^^^^^^^^^^^^^^^^^^^^^^^^^^^^^^^^
  File "C:\Users\badli\OneDrive\Desktop\sistem_inteligent_de_gestionare_a_evenimentelor\base\views.py", line 132, in home
    return render(request, 'base/home.html', context)
           ^^^^^^^^^^^^^^^^^^^^^^^^^^^^^^^^^^^^^^^^^^
  File "C:\Users\badli\OneDrive\Desktop\sistem_inteligent_de_gestionare_a_evenimentelor\env\Lib\site-packages\django\shortcuts.py", line 25, in render
    content = loader.render_to_string(template_name, context, request, using=using)
              ^^^^^^^^^^^^^^^^^^^^^^^^^^^^^^^^^^^^^^^^^^^^^^^^^^^^^^^^^^^^^^^^^^^^^
  File "C:\Users\badli\OneDrive\Desktop\sistem_inteligent_de_gestionare_a_evenimentelor\env\Lib\site-packages\django\template\loader.py", line 62, in render_to_string
    return template.render(context, request)
           ^^^^^^^^^^^^^^^^^^^^^^^^^^^^^^^^^
  File "C:\Users\badli\OneDrive\Desktop\sistem_inteligent_de_gestionare_a_evenimentelor\env\Lib\site-packages\django\template\backends\django.py", line 109, in render
    reraise(exc, self.backend)
  File "C:\Users\badli\OneDrive\Desktop\sistem_inteligent_de_gestionare_a_evenimentelor\env\Lib\site-packages\django\template\backends\django.py", line 130, in reraise
    raise new from exc
django.template.exceptions.TemplateDoesNotExist: main.html
"GET / HTTP/1.1" 500 144223
Internal Server Error: /
Traceback (most recent call last):
  File "C:\Users\badli\OneDrive\Desktop\sistem_inteligent_de_gestionare_a_evenimentelor\env\Lib\site-packages\django\template\backends\django.py", line 107, in render
    return self.template.render(context)
           ^^^^^^^^^^^^^^^^^^^^^^^^^^^^^
  File "C:\Users\badli\OneDrive\Desktop\sistem_inteligent_de_gestionare_a_evenimentelor\env\Lib\site-packages\django\template\base.py", line 171, in render
    return self._render(context)
           ^^^^^^^^^^^^^^^^^^^^^
  File "C:\Users\badli\OneDrive\Desktop\sistem_inteligent_de_gestionare_a_evenimentelor\env\Lib\site-packages\django\template\base.py", line 163, in _render
    return self.nodelist.render(context)
           ^^^^^^^^^^^^^^^^^^^^^^^^^^^^^
  File "C:\Users\badli\OneDrive\Desktop\sistem_inteligent_de_gestionare_a_evenimentelor\env\Lib\site-packages\django\template\base.py", line 1008, in render
    return SafeString("".join([node.render_annotated(context) for node in self]))
                               ^^^^^^^^^^^^^^^^^^^^^^^^^^^^^^
  File "C:\Users\badli\OneDrive\Desktop\sistem_inteligent_de_gestionare_a_evenimentelor\env\Lib\site-packages\django\template\base.py", line 969, in render_annotated
    return self.render(context)
           ^^^^^^^^^^^^^^^^^^^^
  File "C:\Users\badli\OneDrive\Desktop\sistem_inteligent_de_gestionare_a_evenimentelor\env\Lib\site-packages\django\template\loader_tags.py", line 134, in render
    compiled_parent = self.get_parent(context)
                      ^^^^^^^^^^^^^^^^^^^^^^^^
  File "C:\Users\badli\OneDrive\Desktop\sistem_inteligent_de_gestionare_a_evenimentelor\env\Lib\site-packages\django\template\loader_tags.py", line 131, in get_parent
    return self.find_template(parent, context)
           ^^^^^^^^^^^^^^^^^^^^^^^^^^^^^^^^^^^
  File "C:\Users\badli\OneDrive\Desktop\sistem_inteligent_de_gestionare_a_evenimentelor\env\Lib\site-packages\django\template\loader_tags.py", line 109, in find_template
    template, origin = context.template.engine.find_template(
                       ^^^^^^^^^^^^^^^^^^^^^^^^^^^^^^^^^^^^^^
  File "C:\Users\badli\OneDrive\Desktop\sistem_inteligent_de_gestionare_a_evenimentelor\env\Lib\site-packages\django\template\engine.py", line 163, in find_template
    raise TemplateDoesNotExist(name, tried=tried)
django.template.exceptions.TemplateDoesNotExist: main.html

The above exception was the direct cause of the following exception:

Traceback (most recent call last):
  File "C:\Users\badli\OneDrive\Desktop\sistem_inteligent_de_gestionare_a_evenimentelor\env\Lib\site-packages\django\core\handlers\exception.py", line 55, in inner
    response = get_response(request)
               ^^^^^^^^^^^^^^^^^^^^^
  File "C:\Users\badli\OneDrive\Desktop\sistem_inteligent_de_gestionare_a_evenimentelor\env\Lib\site-packages\django\core\handlers\base.py", line 197, in _get_response
    response = wrapped_callback(request, *callback_args, **callback_kwargs)
               ^^^^^^^^^^^^^^^^^^^^^^^^^^^^^^^^^^^^^^^^^^^^^^^^^^^^^^^^^^^^
  File "C:\Users\badli\OneDrive\Desktop\sistem_inteligent_de_gestionare_a_evenimentelor\base\views.py", line 132, in home
    return render(request, 'base/home.html', context)
           ^^^^^^^^^^^^^^^^^^^^^^^^^^^^^^^^^^^^^^^^^^
  File "C:\Users\badli\OneDrive\Desktop\sistem_inteligent_de_gestionare_a_evenimentelor\env\Lib\site-packages\django\shortcuts.py", line 25, in render
    content = loader.render_to_string(template_name, context, request, using=using)
              ^^^^^^^^^^^^^^^^^^^^^^^^^^^^^^^^^^^^^^^^^^^^^^^^^^^^^^^^^^^^^^^^^^^^^
  File "C:\Users\badli\OneDrive\Desktop\sistem_inteligent_de_gestionare_a_evenimentelor\env\Lib\site-packages\django\template\loader.py", line 62, in render_to_string
    return template.render(context, request)
           ^^^^^^^^^^^^^^^^^^^^^^^^^^^^^^^^^
  File "C:\Users\badli\OneDrive\Desktop\sistem_inteligent_de_gestionare_a_evenimentelor\env\Lib\site-packages\django\template\backends\django.py", line 109, in render
    reraise(exc, self.backend)
  File "C:\Users\badli\OneDrive\Desktop\sistem_inteligent_de_gestionare_a_evenimentelor\env\Lib\site-packages\django\template\backends\django.py", line 130, in reraise
    raise new from exc
django.template.exceptions.TemplateDoesNotExist: main.html
"GET / HTTP/1.1" 500 144274
Internal Server Error: /
Traceback (most recent call last):
  File "C:\Users\badli\OneDrive\Desktop\sistem_inteligent_de_gestionare_a_evenimentelor\env\Lib\site-packages\django\template\backends\django.py", line 107, in render
    return self.template.render(context)
           ^^^^^^^^^^^^^^^^^^^^^^^^^^^^^
  File "C:\Users\badli\OneDrive\Desktop\sistem_inteligent_de_gestionare_a_evenimentelor\env\Lib\site-packages\django\template\base.py", line 171, in render
    return self._render(context)
           ^^^^^^^^^^^^^^^^^^^^^
  File "C:\Users\badli\OneDrive\Desktop\sistem_inteligent_de_gestionare_a_evenimentelor\env\Lib\site-packages\django\template\base.py", line 163, in _render
    return self.nodelist.render(context)
           ^^^^^^^^^^^^^^^^^^^^^^^^^^^^^
  File "C:\Users\badli\OneDrive\Desktop\sistem_inteligent_de_gestionare_a_evenimentelor\env\Lib\site-packages\django\template\base.py", line 1008, in render
    return SafeString("".join([node.render_annotated(context) for node in self]))
                               ^^^^^^^^^^^^^^^^^^^^^^^^^^^^^^
  File "C:\Users\badli\OneDrive\Desktop\sistem_inteligent_de_gestionare_a_evenimentelor\env\Lib\site-packages\django\template\base.py", line 969, in render_annotated
    return self.render(context)
           ^^^^^^^^^^^^^^^^^^^^
  File "C:\Users\badli\OneDrive\Desktop\sistem_inteligent_de_gestionare_a_evenimentelor\env\Lib\site-packages\django\template\loader_tags.py", line 134, in render
    compiled_parent = self.get_parent(context)
                      ^^^^^^^^^^^^^^^^^^^^^^^^
  File "C:\Users\badli\OneDrive\Desktop\sistem_inteligent_de_gestionare_a_evenimentelor\env\Lib\site-packages\django\template\loader_tags.py", line 131, in get_parent
    return self.find_template(parent, context)
           ^^^^^^^^^^^^^^^^^^^^^^^^^^^^^^^^^^^
  File "C:\Users\badli\OneDrive\Desktop\sistem_inteligent_de_gestionare_a_evenimentelor\env\Lib\site-packages\django\template\loader_tags.py", line 109, in find_template
    template, origin = context.template.engine.find_template(
                       ^^^^^^^^^^^^^^^^^^^^^^^^^^^^^^^^^^^^^^
  File "C:\Users\badli\OneDrive\Desktop\sistem_inteligent_de_gestionare_a_evenimentelor\env\Lib\site-packages\django\template\engine.py", line 163, in find_template
    raise TemplateDoesNotExist(name, tried=tried)
django.template.exceptions.TemplateDoesNotExist: main.html

The above exception was the direct cause of the following exception:

Traceback (most recent call last):
  File "C:\Users\badli\OneDrive\Desktop\sistem_inteligent_de_gestionare_a_evenimentelor\env\Lib\site-packages\django\core\handlers\exception.py", line 55, in inner
    response = get_response(request)
               ^^^^^^^^^^^^^^^^^^^^^
  File "C:\Users\badli\OneDrive\Desktop\sistem_inteligent_de_gestionare_a_evenimentelor\env\Lib\site-packages\django\core\handlers\base.py", line 197, in _get_response
    response = wrapped_callback(request, *callback_args, **callback_kwargs)
               ^^^^^^^^^^^^^^^^^^^^^^^^^^^^^^^^^^^^^^^^^^^^^^^^^^^^^^^^^^^^
  File "C:\Users\badli\OneDrive\Desktop\sistem_inteligent_de_gestionare_a_evenimentelor\base\views.py", line 132, in home
    return render(request, 'base/home.html', context)
           ^^^^^^^^^^^^^^^^^^^^^^^^^^^^^^^^^^^^^^^^^^
  File "C:\Users\badli\OneDrive\Desktop\sistem_inteligent_de_gestionare_a_evenimentelor\env\Lib\site-packages\django\shortcuts.py", line 25, in render
    content = loader.render_to_string(template_name, context, request, using=using)
              ^^^^^^^^^^^^^^^^^^^^^^^^^^^^^^^^^^^^^^^^^^^^^^^^^^^^^^^^^^^^^^^^^^^^^
  File "C:\Users\badli\OneDrive\Desktop\sistem_inteligent_de_gestionare_a_evenimentelor\env\Lib\site-packages\django\template\loader.py", line 62, in render_to_string
    return template.render(context, request)
           ^^^^^^^^^^^^^^^^^^^^^^^^^^^^^^^^^
  File "C:\Users\badli\OneDrive\Desktop\sistem_inteligent_de_gestionare_a_evenimentelor\env\Lib\site-packages\django\template\backends\django.py", line 109, in render
    reraise(exc, self.backend)
  File "C:\Users\badli\OneDrive\Desktop\sistem_inteligent_de_gestionare_a_evenimentelor\env\Lib\site-packages\django\template\backends\django.py", line 130, in reraise
    raise new from exc
django.template.exceptions.TemplateDoesNotExist: main.html
"GET / HTTP/1.1" 500 144274
Internal Server Error: /
Traceback (most recent call last):
  File "C:\Users\badli\OneDrive\Desktop\sistem_inteligent_de_gestionare_a_evenimentelor\env\Lib\site-packages\django\template\backends\django.py", line 107, in render
    return self.template.render(context)
           ^^^^^^^^^^^^^^^^^^^^^^^^^^^^^
  File "C:\Users\badli\OneDrive\Desktop\sistem_inteligent_de_gestionare_a_evenimentelor\env\Lib\site-packages\django\template\base.py", line 171, in render
    return self._render(context)
           ^^^^^^^^^^^^^^^^^^^^^
  File "C:\Users\badli\OneDrive\Desktop\sistem_inteligent_de_gestionare_a_evenimentelor\env\Lib\site-packages\django\template\base.py", line 163, in _render
    return self.nodelist.render(context)
           ^^^^^^^^^^^^^^^^^^^^^^^^^^^^^
  File "C:\Users\badli\OneDrive\Desktop\sistem_inteligent_de_gestionare_a_evenimentelor\env\Lib\site-packages\django\template\base.py", line 1008, in render
    return SafeString("".join([node.render_annotated(context) for node in self]))
                               ^^^^^^^^^^^^^^^^^^^^^^^^^^^^^^
  File "C:\Users\badli\OneDrive\Desktop\sistem_inteligent_de_gestionare_a_evenimentelor\env\Lib\site-packages\django\template\base.py", line 969, in render_annotated
    return self.render(context)
           ^^^^^^^^^^^^^^^^^^^^
  File "C:\Users\badli\OneDrive\Desktop\sistem_inteligent_de_gestionare_a_evenimentelor\env\Lib\site-packages\django\template\loader_tags.py", line 134, in render
    compiled_parent = self.get_parent(context)
                      ^^^^^^^^^^^^^^^^^^^^^^^^
  File "C:\Users\badli\OneDrive\Desktop\sistem_inteligent_de_gestionare_a_evenimentelor\env\Lib\site-packages\django\template\loader_tags.py", line 131, in get_parent
    return self.find_template(parent, context)
           ^^^^^^^^^^^^^^^^^^^^^^^^^^^^^^^^^^^
  File "C:\Users\badli\OneDrive\Desktop\sistem_inteligent_de_gestionare_a_evenimentelor\env\Lib\site-packages\django\template\loader_tags.py", line 109, in find_template
    template, origin = context.template.engine.find_template(
                       ^^^^^^^^^^^^^^^^^^^^^^^^^^^^^^^^^^^^^^
  File "C:\Users\badli\OneDrive\Desktop\sistem_inteligent_de_gestionare_a_evenimentelor\env\Lib\site-packages\django\template\engine.py", line 163, in find_template
    raise TemplateDoesNotExist(name, tried=tried)
django.template.exceptions.TemplateDoesNotExist: main.html

The above exception was the direct cause of the following exception:

Traceback (most recent call last):
  File "C:\Users\badli\OneDrive\Desktop\sistem_inteligent_de_gestionare_a_evenimentelor\env\Lib\site-packages\django\core\handlers\exception.py", line 55, in inner
    response = get_response(request)
               ^^^^^^^^^^^^^^^^^^^^^
  File "C:\Users\badli\OneDrive\Desktop\sistem_inteligent_de_gestionare_a_evenimentelor\env\Lib\site-packages\django\core\handlers\base.py", line 197, in _get_response
    response = wrapped_callback(request, *callback_args, **callback_kwargs)
               ^^^^^^^^^^^^^^^^^^^^^^^^^^^^^^^^^^^^^^^^^^^^^^^^^^^^^^^^^^^^
  File "C:\Users\badli\OneDrive\Desktop\sistem_inteligent_de_gestionare_a_evenimentelor\base\views.py", line 132, in home
    return render(request, 'base/home.html', context)
           ^^^^^^^^^^^^^^^^^^^^^^^^^^^^^^^^^^^^^^^^^^
  File "C:\Users\badli\OneDrive\Desktop\sistem_inteligent_de_gestionare_a_evenimentelor\env\Lib\site-packages\django\shortcuts.py", line 25, in render
    content = loader.render_to_string(template_name, context, request, using=using)
              ^^^^^^^^^^^^^^^^^^^^^^^^^^^^^^^^^^^^^^^^^^^^^^^^^^^^^^^^^^^^^^^^^^^^^
  File "C:\Users\badli\OneDrive\Desktop\sistem_inteligent_de_gestionare_a_evenimentelor\env\Lib\site-packages\django\template\loader.py", line 62, in render_to_string
    return template.render(context, request)
           ^^^^^^^^^^^^^^^^^^^^^^^^^^^^^^^^^
  File "C:\Users\badli\OneDrive\Desktop\sistem_inteligent_de_gestionare_a_evenimentelor\env\Lib\site-packages\django\template\backends\django.py", line 109, in render
    reraise(exc, self.backend)
  File "C:\Users\badli\OneDrive\Desktop\sistem_inteligent_de_gestionare_a_evenimentelor\env\Lib\site-packages\django\template\backends\django.py", line 130, in reraise
    raise new from exc
django.template.exceptions.TemplateDoesNotExist: main.html
"GET / HTTP/1.1" 500 144274
Internal Server Error: /location/Romanita/
Traceback (most recent call last):
  File "C:\Users\badli\OneDrive\Desktop\sistem_inteligent_de_gestionare_a_evenimentelor\env\Lib\site-packages\django\core\handlers\exception.py", line 55, in inner
    response = get_response(request)
               ^^^^^^^^^^^^^^^^^^^^^
  File "C:\Users\badli\OneDrive\Desktop\sistem_inteligent_de_gestionare_a_evenimentelor\env\Lib\site-packages\django\core\handlers\base.py", line 197, in _get_response
    response = wrapped_callback(request, *callback_args, **callback_kwargs)
               ^^^^^^^^^^^^^^^^^^^^^^^^^^^^^^^^^^^^^^^^^^^^^^^^^^^^^^^^^^^^
  File "C:\Users\badli\OneDrive\Desktop\sistem_inteligent_de_gestionare_a_evenimentelor\base\views.py", line 230, in location
    location = Location.objects.get(name=pk)
               ^^^^^^^^^^^^^^^^^^^^^^^^^^^^^
  File "C:\Users\badli\OneDrive\Desktop\sistem_inteligent_de_gestionare_a_evenimentelor\env\Lib\site-packages\django\db\models\manager.py", line 87, in manager_method
    return getattr(self.get_queryset(), name)(*args, **kwargs)
           ^^^^^^^^^^^^^^^^^^^^^^^^^^^^^^^^^^^^^^^^^^^^^^^^^^^
  File "C:\Users\badli\OneDrive\Desktop\sistem_inteligent_de_gestionare_a_evenimentelor\env\Lib\site-packages\django\db\models\query.py", line 649, in get
    raise self.model.DoesNotExist(
base.models.Location.DoesNotExist: Location matching query does not exist.
"GET /location/Romanita/ HTTP/1.1" 500 77861
Internal Server Error: /location/Romanita/
Traceback (most recent call last):
  File "C:\Users\badli\OneDrive\Desktop\sistem_inteligent_de_gestionare_a_evenimentelor\env\Lib\site-packages\django\core\handlers\exception.py", line 55, in inner
    response = get_response(request)
               ^^^^^^^^^^^^^^^^^^^^^
  File "C:\Users\badli\OneDrive\Desktop\sistem_inteligent_de_gestionare_a_evenimentelor\env\Lib\site-packages\django\core\handlers\base.py", line 197, in _get_response
    response = wrapped_callback(request, *callback_args, **callback_kwargs)
               ^^^^^^^^^^^^^^^^^^^^^^^^^^^^^^^^^^^^^^^^^^^^^^^^^^^^^^^^^^^^
  File "C:\Users\badli\OneDrive\Desktop\sistem_inteligent_de_gestionare_a_evenimentelor\base\views.py", line 230, in location
    location = Location.objects.get(name=pk)
               ^^^^^^^^^^^^^^^^^^^^^^^^^^^^^
  File "C:\Users\badli\OneDrive\Desktop\sistem_inteligent_de_gestionare_a_evenimentelor\env\Lib\site-packages\django\db\models\manager.py", line 87, in manager_method
    return getattr(self.get_queryset(), name)(*args, **kwargs)
           ^^^^^^^^^^^^^^^^^^^^^^^^^^^^^^^^^^^^^^^^^^^^^^^^^^^
  File "C:\Users\badli\OneDrive\Desktop\sistem_inteligent_de_gestionare_a_evenimentelor\env\Lib\site-packages\django\db\models\query.py", line 649, in get
    raise self.model.DoesNotExist(
base.models.Location.DoesNotExist: Location matching query does not exist.
"GET /location/Romanita/ HTTP/1.1" 500 77861
